<?xml version="1.0" encoding="UTF-8"?>
<logger class="org.jpos.util.DailyLogListener">
<log realm="rotate-log-listener" at="Sun Oct 18 00:00:00 EAT 2020">
   maxage feature is disabled.
</log>
<log realm="Q2.system" at="2020-10-18T00:58:09.595579900" lifespan="4ms">
  <version>
    jPOS 2.1.2 master/6f9379a (2018-09-19 16:33:22 ART) 

-----BEGIN PGP SIGNED MESSAGE-----
Hash: SHA1

jPOS Community Edition, licensed under GNU AGPL v3.0.
This software is probably not suitable for commercial use.
Please see http://jpos.org/license for details.

-----BEGIN PGP SIGNATURE-----
Version: GnuPG v1.4.9 (Darwin)

iQEcBAEBAgAGBQJMolHDAAoJEOQyeO71nYtFv74H/3OgehDGEy1VXp2U3/GcAobg
HH2eZjPUz53r38ARPiU3pzm9LwDa3WZgJJaa/b9VrJwKvbPwe9+0kY3gScDE1skT
ladHt+KHHmGQArEutkzHlpZa73RbroFEIa1qmN6MaDEHGoxZqDh0Sv2cpvOaVYGO
St8ZaddLBPC17bSjAPWo9sWbvL7FgPFOHhnPmbeux8SLtnfWxXWsgo5hLBanKmO1
1z+I/w/6DL6ZYZU6bAJUk+eyVVImJqw0x3IEElI07Nh9MC6BA4iJ77ejobj8HI2r
q9ulRPEqH9NR79619lNKVUkE206dVlXo7xHmJS1QZy5v/GT66xBxyDVfTduPFXk=
=oP+v
-----END PGP SIGNATURE-----

  </version>
</log>
<log realm="Q2.system" at="2020-10-18T01:58:11.602855700" lifespan="4ms">
  <version>
    jPOS 2.1.2 master/6f9379a (2018-09-19 16:33:22 ART) 

-----BEGIN PGP SIGNED MESSAGE-----
Hash: SHA1

jPOS Community Edition, licensed under GNU AGPL v3.0.
This software is probably not suitable for commercial use.
Please see http://jpos.org/license for details.

-----BEGIN PGP SIGNATURE-----
Version: GnuPG v1.4.9 (Darwin)

iQEcBAEBAgAGBQJMolHDAAoJEOQyeO71nYtFv74H/3OgehDGEy1VXp2U3/GcAobg
HH2eZjPUz53r38ARPiU3pzm9LwDa3WZgJJaa/b9VrJwKvbPwe9+0kY3gScDE1skT
ladHt+KHHmGQArEutkzHlpZa73RbroFEIa1qmN6MaDEHGoxZqDh0Sv2cpvOaVYGO
St8ZaddLBPC17bSjAPWo9sWbvL7FgPFOHhnPmbeux8SLtnfWxXWsgo5hLBanKmO1
1z+I/w/6DL6ZYZU6bAJUk+eyVVImJqw0x3IEElI07Nh9MC6BA4iJ77ejobj8HI2r
q9ulRPEqH9NR79619lNKVUkE206dVlXo7xHmJS1QZy5v/GT66xBxyDVfTduPFXk=
=oP+v
-----END PGP SIGNATURE-----

  </version>
</log>
<log realm="Q2.system" at="2020-10-18T02:58:13.622058400" lifespan="25ms">
  <version>
    jPOS 2.1.2 master/6f9379a (2018-09-19 16:33:22 ART) 

-----BEGIN PGP SIGNED MESSAGE-----
Hash: SHA1

jPOS Community Edition, licensed under GNU AGPL v3.0.
This software is probably not suitable for commercial use.
Please see http://jpos.org/license for details.

-----BEGIN PGP SIGNATURE-----
Version: GnuPG v1.4.9 (Darwin)

iQEcBAEBAgAGBQJMolHDAAoJEOQyeO71nYtFv74H/3OgehDGEy1VXp2U3/GcAobg
HH2eZjPUz53r38ARPiU3pzm9LwDa3WZgJJaa/b9VrJwKvbPwe9+0kY3gScDE1skT
ladHt+KHHmGQArEutkzHlpZa73RbroFEIa1qmN6MaDEHGoxZqDh0Sv2cpvOaVYGO
St8ZaddLBPC17bSjAPWo9sWbvL7FgPFOHhnPmbeux8SLtnfWxXWsgo5hLBanKmO1
1z+I/w/6DL6ZYZU6bAJUk+eyVVImJqw0x3IEElI07Nh9MC6BA4iJ77ejobj8HI2r
q9ulRPEqH9NR79619lNKVUkE206dVlXo7xHmJS1QZy5v/GT66xBxyDVfTduPFXk=
=oP+v
-----END PGP SIGNATURE-----

  </version>
</log>
<log realm="Q2.system" at="2020-10-18T03:58:15.564604200" lifespan="1ms">
  <version>
    jPOS 2.1.2 master/6f9379a (2018-09-19 16:33:22 ART) 

-----BEGIN PGP SIGNED MESSAGE-----
Hash: SHA1

jPOS Community Edition, licensed under GNU AGPL v3.0.
This software is probably not suitable for commercial use.
Please see http://jpos.org/license for details.

-----BEGIN PGP SIGNATURE-----
Version: GnuPG v1.4.9 (Darwin)

iQEcBAEBAgAGBQJMolHDAAoJEOQyeO71nYtFv74H/3OgehDGEy1VXp2U3/GcAobg
HH2eZjPUz53r38ARPiU3pzm9LwDa3WZgJJaa/b9VrJwKvbPwe9+0kY3gScDE1skT
ladHt+KHHmGQArEutkzHlpZa73RbroFEIa1qmN6MaDEHGoxZqDh0Sv2cpvOaVYGO
St8ZaddLBPC17bSjAPWo9sWbvL7FgPFOHhnPmbeux8SLtnfWxXWsgo5hLBanKmO1
1z+I/w/6DL6ZYZU6bAJUk+eyVVImJqw0x3IEElI07Nh9MC6BA4iJ77ejobj8HI2r
q9ulRPEqH9NR79619lNKVUkE206dVlXo7xHmJS1QZy5v/GT66xBxyDVfTduPFXk=
=oP+v
-----END PGP SIGNATURE-----

  </version>
</log>
<log realm="Q2.system" at="2020-10-18T04:58:17.593095700" lifespan="1ms">
  <version>
    jPOS 2.1.2 master/6f9379a (2018-09-19 16:33:22 ART) 

-----BEGIN PGP SIGNED MESSAGE-----
Hash: SHA1

jPOS Community Edition, licensed under GNU AGPL v3.0.
This software is probably not suitable for commercial use.
Please see http://jpos.org/license for details.

-----BEGIN PGP SIGNATURE-----
Version: GnuPG v1.4.9 (Darwin)

iQEcBAEBAgAGBQJMolHDAAoJEOQyeO71nYtFv74H/3OgehDGEy1VXp2U3/GcAobg
HH2eZjPUz53r38ARPiU3pzm9LwDa3WZgJJaa/b9VrJwKvbPwe9+0kY3gScDE1skT
ladHt+KHHmGQArEutkzHlpZa73RbroFEIa1qmN6MaDEHGoxZqDh0Sv2cpvOaVYGO
St8ZaddLBPC17bSjAPWo9sWbvL7FgPFOHhnPmbeux8SLtnfWxXWsgo5hLBanKmO1
1z+I/w/6DL6ZYZU6bAJUk+eyVVImJqw0x3IEElI07Nh9MC6BA4iJ77ejobj8HI2r
q9ulRPEqH9NR79619lNKVUkE206dVlXo7xHmJS1QZy5v/GT66xBxyDVfTduPFXk=
=oP+v
-----END PGP SIGNATURE-----

  </version>
</log>
<log realm="Q2.system" at="2020-10-18T05:58:19.580556600" lifespan="2ms">
  <version>
    jPOS 2.1.2 master/6f9379a (2018-09-19 16:33:22 ART) 

-----BEGIN PGP SIGNED MESSAGE-----
Hash: SHA1

jPOS Community Edition, licensed under GNU AGPL v3.0.
This software is probably not suitable for commercial use.
Please see http://jpos.org/license for details.

-----BEGIN PGP SIGNATURE-----
Version: GnuPG v1.4.9 (Darwin)

iQEcBAEBAgAGBQJMolHDAAoJEOQyeO71nYtFv74H/3OgehDGEy1VXp2U3/GcAobg
HH2eZjPUz53r38ARPiU3pzm9LwDa3WZgJJaa/b9VrJwKvbPwe9+0kY3gScDE1skT
ladHt+KHHmGQArEutkzHlpZa73RbroFEIa1qmN6MaDEHGoxZqDh0Sv2cpvOaVYGO
St8ZaddLBPC17bSjAPWo9sWbvL7FgPFOHhnPmbeux8SLtnfWxXWsgo5hLBanKmO1
1z+I/w/6DL6ZYZU6bAJUk+eyVVImJqw0x3IEElI07Nh9MC6BA4iJ77ejobj8HI2r
q9ulRPEqH9NR79619lNKVUkE206dVlXo7xHmJS1QZy5v/GT66xBxyDVfTduPFXk=
=oP+v
-----END PGP SIGNATURE-----

  </version>
</log>
<log realm="org.jpos.q2.qbean.SystemMonitor" at="2020-10-18T06:15:19.780704700">
  <info>
               OS: Windows 10 (10.0)
             Java: 11.0.8 (Oracle Corporation) AES-secure
     process name: 12224@DESKTOP-4DN7F97
        user name: user
             host: DESKTOP-4DN7F97/172.18.2.209
              cwd: C:\Users\user\Desktop\multiprojectModuler
       free space: 162.5 GiB
          version: 2.1.2 (6f9379a)
         instance: a5aeae44-0ad0-4dca-ba61-dc9e9cd45e06
           uptime: 2d 15:40:05.904 (-1.000000)
       processors: 8
           drift : 7716871
    memory(t/u/f): 308/28/279
         encoding: UTF-8
         timezone: Africa/Nairobi (Eastern Africa Time) +03:00
    watch service: sun.nio.fs.WindowsWatchService
            clock: 1602990919 2020-10-18T03:15:19.781513200Z
     thread count: 33
     peak threads: 40
     user threads: 26
            Thread[Reference Handler,10,system]
            Thread[Finalizer,8,system]
            Thread[Signal Dispatcher,9,system]
            Thread[Attach Listener,5,system]
            Thread[RMI TCP Accept-0,5,system]
            Thread[RMI Scheduler(0),5,system]
            Thread[Monitor Ctrl-Break,5,main]
            Thread[HikariPool-1 housekeeper,5,main]
            Thread[Catalina-utility-1,1,main]
            Thread[Catalina-utility-2,1,main]
            Thread[container-0,5,main]
            Thread[http-nio-9099-BlockPoller,5,main]
            Thread[http-nio-9099-exec-1,5,main]
            Thread[http-nio-9099-exec-2,5,main]
            Thread[http-nio-9099-exec-3,5,main]
            Thread[http-nio-9099-exec-4,5,main]
            Thread[http-nio-9099-exec-5,5,main]
            Thread[http-nio-9099-exec-6,5,main]
            Thread[http-nio-9099-exec-7,5,main]
            Thread[http-nio-9099-exec-8,5,main]
            Thread[http-nio-9099-exec-9,5,main]
            Thread[http-nio-9099-exec-10,5,main]
            Thread[http-nio-9099-ClientPoller,5,main]
            Thread[http-nio-9099-Acceptor,5,main]
            Thread[pool-1-thread-1,5,main]
            Thread[Q2-a5aeae44-0ad0-4dca-ba61-dc9e9cd45e06,5,main]
            Thread[FileSystemWatchService,5,main]
            Thread[Timer-0,5,main]
            Thread[Thread-4,5,main]
            Thread[SystemMonitor,5,main]
            Thread[DestroyJavaVM,5,main]
            Thread[ISOServer-ThreadPool.PooledThread-0-idle,5,ISOServer-ThreadPool-0]
            Thread[Common-Cleaner,8,InnocuousThreadGroup]
    name-registrar:
      tspace:default: org.jpos.space.TSpace
         key-count: 0
            gcinfo: 0,0
      tspace:txnmgr: org.jpos.space.TSpace
         key-count: 0
            gcinfo: 0,0
      ISOServer: org.jpos.q2.iso.QServer
      Q2: org.jpos.q2.Q2
      server.ISOServer: org.jpos.iso.ISOServer
        connected=0, rx=0, tx=0, last=1602769764104, idle=221155684ms
      logger.Q2: org.jpos.util.Logger
      transient:default: org.jpos.space.TSpace
         key-count: 0
            gcinfo: 0,0
      logger.Q2.buffered: org.jpos.util.BufferedLogListener
  </info>
</log>
<log realm="Q2.system" at="2020-10-18T06:58:21.543052500" lifespan="5ms">
  <version>
    jPOS 2.1.2 master/6f9379a (2018-09-19 16:33:22 ART) 

-----BEGIN PGP SIGNED MESSAGE-----
Hash: SHA1

jPOS Community Edition, licensed under GNU AGPL v3.0.
This software is probably not suitable for commercial use.
Please see http://jpos.org/license for details.

-----BEGIN PGP SIGNATURE-----
Version: GnuPG v1.4.9 (Darwin)

iQEcBAEBAgAGBQJMolHDAAoJEOQyeO71nYtFv74H/3OgehDGEy1VXp2U3/GcAobg
HH2eZjPUz53r38ARPiU3pzm9LwDa3WZgJJaa/b9VrJwKvbPwe9+0kY3gScDE1skT
ladHt+KHHmGQArEutkzHlpZa73RbroFEIa1qmN6MaDEHGoxZqDh0Sv2cpvOaVYGO
St8ZaddLBPC17bSjAPWo9sWbvL7FgPFOHhnPmbeux8SLtnfWxXWsgo5hLBanKmO1
1z+I/w/6DL6ZYZU6bAJUk+eyVVImJqw0x3IEElI07Nh9MC6BA4iJ77ejobj8HI2r
q9ulRPEqH9NR79619lNKVUkE206dVlXo7xHmJS1QZy5v/GT66xBxyDVfTduPFXk=
=oP+v
-----END PGP SIGNATURE-----

  </version>
</log>
<log realm="Q2.system" at="2020-10-18T07:58:23.488432600" lifespan="1ms">
  <version>
    jPOS 2.1.2 master/6f9379a (2018-09-19 16:33:22 ART) 

-----BEGIN PGP SIGNED MESSAGE-----
Hash: SHA1

jPOS Community Edition, licensed under GNU AGPL v3.0.
This software is probably not suitable for commercial use.
Please see http://jpos.org/license for details.

-----BEGIN PGP SIGNATURE-----
Version: GnuPG v1.4.9 (Darwin)

iQEcBAEBAgAGBQJMolHDAAoJEOQyeO71nYtFv74H/3OgehDGEy1VXp2U3/GcAobg
HH2eZjPUz53r38ARPiU3pzm9LwDa3WZgJJaa/b9VrJwKvbPwe9+0kY3gScDE1skT
ladHt+KHHmGQArEutkzHlpZa73RbroFEIa1qmN6MaDEHGoxZqDh0Sv2cpvOaVYGO
St8ZaddLBPC17bSjAPWo9sWbvL7FgPFOHhnPmbeux8SLtnfWxXWsgo5hLBanKmO1
1z+I/w/6DL6ZYZU6bAJUk+eyVVImJqw0x3IEElI07Nh9MC6BA4iJ77ejobj8HI2r
q9ulRPEqH9NR79619lNKVUkE206dVlXo7xHmJS1QZy5v/GT66xBxyDVfTduPFXk=
=oP+v
-----END PGP SIGNATURE-----

  </version>
</log>
<log realm="Q2.system" at="2020-10-18T08:58:25.452210500" lifespan="8ms">
  <version>
    jPOS 2.1.2 master/6f9379a (2018-09-19 16:33:22 ART) 

-----BEGIN PGP SIGNED MESSAGE-----
Hash: SHA1

jPOS Community Edition, licensed under GNU AGPL v3.0.
This software is probably not suitable for commercial use.
Please see http://jpos.org/license for details.

-----BEGIN PGP SIGNATURE-----
Version: GnuPG v1.4.9 (Darwin)

iQEcBAEBAgAGBQJMolHDAAoJEOQyeO71nYtFv74H/3OgehDGEy1VXp2U3/GcAobg
HH2eZjPUz53r38ARPiU3pzm9LwDa3WZgJJaa/b9VrJwKvbPwe9+0kY3gScDE1skT
ladHt+KHHmGQArEutkzHlpZa73RbroFEIa1qmN6MaDEHGoxZqDh0Sv2cpvOaVYGO
St8ZaddLBPC17bSjAPWo9sWbvL7FgPFOHhnPmbeux8SLtnfWxXWsgo5hLBanKmO1
1z+I/w/6DL6ZYZU6bAJUk+eyVVImJqw0x3IEElI07Nh9MC6BA4iJ77ejobj8HI2r
q9ulRPEqH9NR79619lNKVUkE206dVlXo7xHmJS1QZy5v/GT66xBxyDVfTduPFXk=
=oP+v
-----END PGP SIGNATURE-----

  </version>
</log>
<log realm="Q2.system" at="2020-10-18T09:58:27.539579900" lifespan="1ms">
  <version>
    jPOS 2.1.2 master/6f9379a (2018-09-19 16:33:22 ART) 

-----BEGIN PGP SIGNED MESSAGE-----
Hash: SHA1

jPOS Community Edition, licensed under GNU AGPL v3.0.
This software is probably not suitable for commercial use.
Please see http://jpos.org/license for details.

-----BEGIN PGP SIGNATURE-----
Version: GnuPG v1.4.9 (Darwin)

iQEcBAEBAgAGBQJMolHDAAoJEOQyeO71nYtFv74H/3OgehDGEy1VXp2U3/GcAobg
HH2eZjPUz53r38ARPiU3pzm9LwDa3WZgJJaa/b9VrJwKvbPwe9+0kY3gScDE1skT
ladHt+KHHmGQArEutkzHlpZa73RbroFEIa1qmN6MaDEHGoxZqDh0Sv2cpvOaVYGO
St8ZaddLBPC17bSjAPWo9sWbvL7FgPFOHhnPmbeux8SLtnfWxXWsgo5hLBanKmO1
1z+I/w/6DL6ZYZU6bAJUk+eyVVImJqw0x3IEElI07Nh9MC6BA4iJ77ejobj8HI2r
q9ulRPEqH9NR79619lNKVUkE206dVlXo7xHmJS1QZy5v/GT66xBxyDVfTduPFXk=
=oP+v
-----END PGP SIGNATURE-----

  </version>
</log>
<log realm="Q2.system" at="2020-10-18T10:58:29.533763700" lifespan="8ms">
  <version>
    jPOS 2.1.2 master/6f9379a (2018-09-19 16:33:22 ART) 

-----BEGIN PGP SIGNED MESSAGE-----
Hash: SHA1

jPOS Community Edition, licensed under GNU AGPL v3.0.
This software is probably not suitable for commercial use.
Please see http://jpos.org/license for details.

-----BEGIN PGP SIGNATURE-----
Version: GnuPG v1.4.9 (Darwin)

iQEcBAEBAgAGBQJMolHDAAoJEOQyeO71nYtFv74H/3OgehDGEy1VXp2U3/GcAobg
HH2eZjPUz53r38ARPiU3pzm9LwDa3WZgJJaa/b9VrJwKvbPwe9+0kY3gScDE1skT
ladHt+KHHmGQArEutkzHlpZa73RbroFEIa1qmN6MaDEHGoxZqDh0Sv2cpvOaVYGO
St8ZaddLBPC17bSjAPWo9sWbvL7FgPFOHhnPmbeux8SLtnfWxXWsgo5hLBanKmO1
1z+I/w/6DL6ZYZU6bAJUk+eyVVImJqw0x3IEElI07Nh9MC6BA4iJ77ejobj8HI2r
q9ulRPEqH9NR79619lNKVUkE206dVlXo7xHmJS1QZy5v/GT66xBxyDVfTduPFXk=
=oP+v
-----END PGP SIGNATURE-----

  </version>
</log>
<log realm="Q2.system" at="2020-10-18T11:58:29.604521400" lifespan="1ms">
  <version>
    jPOS 2.1.2 master/6f9379a (2018-09-19 16:33:22 ART) 

-----BEGIN PGP SIGNED MESSAGE-----
Hash: SHA1

jPOS Community Edition, licensed under GNU AGPL v3.0.
This software is probably not suitable for commercial use.
Please see http://jpos.org/license for details.

-----BEGIN PGP SIGNATURE-----
Version: GnuPG v1.4.9 (Darwin)

iQEcBAEBAgAGBQJMolHDAAoJEOQyeO71nYtFv74H/3OgehDGEy1VXp2U3/GcAobg
HH2eZjPUz53r38ARPiU3pzm9LwDa3WZgJJaa/b9VrJwKvbPwe9+0kY3gScDE1skT
ladHt+KHHmGQArEutkzHlpZa73RbroFEIa1qmN6MaDEHGoxZqDh0Sv2cpvOaVYGO
St8ZaddLBPC17bSjAPWo9sWbvL7FgPFOHhnPmbeux8SLtnfWxXWsgo5hLBanKmO1
1z+I/w/6DL6ZYZU6bAJUk+eyVVImJqw0x3IEElI07Nh9MC6BA4iJ77ejobj8HI2r
q9ulRPEqH9NR79619lNKVUkE206dVlXo7xHmJS1QZy5v/GT66xBxyDVfTduPFXk=
=oP+v
-----END PGP SIGNATURE-----

  </version>
</log>
<log realm="Q2.system" at="2020-10-18T12:58:30.367380800" lifespan="2ms">
  <version>
    jPOS 2.1.2 master/6f9379a (2018-09-19 16:33:22 ART) 

-----BEGIN PGP SIGNED MESSAGE-----
Hash: SHA1

jPOS Community Edition, licensed under GNU AGPL v3.0.
This software is probably not suitable for commercial use.
Please see http://jpos.org/license for details.

-----BEGIN PGP SIGNATURE-----
Version: GnuPG v1.4.9 (Darwin)

iQEcBAEBAgAGBQJMolHDAAoJEOQyeO71nYtFv74H/3OgehDGEy1VXp2U3/GcAobg
HH2eZjPUz53r38ARPiU3pzm9LwDa3WZgJJaa/b9VrJwKvbPwe9+0kY3gScDE1skT
ladHt+KHHmGQArEutkzHlpZa73RbroFEIa1qmN6MaDEHGoxZqDh0Sv2cpvOaVYGO
St8ZaddLBPC17bSjAPWo9sWbvL7FgPFOHhnPmbeux8SLtnfWxXWsgo5hLBanKmO1
1z+I/w/6DL6ZYZU6bAJUk+eyVVImJqw0x3IEElI07Nh9MC6BA4iJ77ejobj8HI2r
q9ulRPEqH9NR79619lNKVUkE206dVlXo7xHmJS1QZy5v/GT66xBxyDVfTduPFXk=
=oP+v
-----END PGP SIGNATURE-----

  </version>
</log>
<log realm="Q2.system" at="2020-10-18T13:58:30.861910400" lifespan="108ms">
  <version>
    jPOS 2.1.2 master/6f9379a (2018-09-19 16:33:22 ART) 

-----BEGIN PGP SIGNED MESSAGE-----
Hash: SHA1

jPOS Community Edition, licensed under GNU AGPL v3.0.
This software is probably not suitable for commercial use.
Please see http://jpos.org/license for details.

-----BEGIN PGP SIGNATURE-----
Version: GnuPG v1.4.9 (Darwin)

iQEcBAEBAgAGBQJMolHDAAoJEOQyeO71nYtFv74H/3OgehDGEy1VXp2U3/GcAobg
HH2eZjPUz53r38ARPiU3pzm9LwDa3WZgJJaa/b9VrJwKvbPwe9+0kY3gScDE1skT
ladHt+KHHmGQArEutkzHlpZa73RbroFEIa1qmN6MaDEHGoxZqDh0Sv2cpvOaVYGO
St8ZaddLBPC17bSjAPWo9sWbvL7FgPFOHhnPmbeux8SLtnfWxXWsgo5hLBanKmO1
1z+I/w/6DL6ZYZU6bAJUk+eyVVImJqw0x3IEElI07Nh9MC6BA4iJ77ejobj8HI2r
q9ulRPEqH9NR79619lNKVUkE206dVlXo7xHmJS1QZy5v/GT66xBxyDVfTduPFXk=
=oP+v
-----END PGP SIGNATURE-----

  </version>
</log>
<log realm="Q2.system" at="2020-10-18T14:58:32.320107200" lifespan="7ms">
  <version>
    jPOS 2.1.2 master/6f9379a (2018-09-19 16:33:22 ART) 

-----BEGIN PGP SIGNED MESSAGE-----
Hash: SHA1

jPOS Community Edition, licensed under GNU AGPL v3.0.
This software is probably not suitable for commercial use.
Please see http://jpos.org/license for details.

-----BEGIN PGP SIGNATURE-----
Version: GnuPG v1.4.9 (Darwin)

iQEcBAEBAgAGBQJMolHDAAoJEOQyeO71nYtFv74H/3OgehDGEy1VXp2U3/GcAobg
HH2eZjPUz53r38ARPiU3pzm9LwDa3WZgJJaa/b9VrJwKvbPwe9+0kY3gScDE1skT
ladHt+KHHmGQArEutkzHlpZa73RbroFEIa1qmN6MaDEHGoxZqDh0Sv2cpvOaVYGO
St8ZaddLBPC17bSjAPWo9sWbvL7FgPFOHhnPmbeux8SLtnfWxXWsgo5hLBanKmO1
1z+I/w/6DL6ZYZU6bAJUk+eyVVImJqw0x3IEElI07Nh9MC6BA4iJ77ejobj8HI2r
q9ulRPEqH9NR79619lNKVUkE206dVlXo7xHmJS1QZy5v/GT66xBxyDVfTduPFXk=
=oP+v
-----END PGP SIGNATURE-----

  </version>
</log>
<log realm="Q2.system" at="2020-10-18T15:58:34.438376100" lifespan="2ms">
  <version>
    jPOS 2.1.2 master/6f9379a (2018-09-19 16:33:22 ART) 

-----BEGIN PGP SIGNED MESSAGE-----
Hash: SHA1

jPOS Community Edition, licensed under GNU AGPL v3.0.
This software is probably not suitable for commercial use.
Please see http://jpos.org/license for details.

-----BEGIN PGP SIGNATURE-----
Version: GnuPG v1.4.9 (Darwin)

iQEcBAEBAgAGBQJMolHDAAoJEOQyeO71nYtFv74H/3OgehDGEy1VXp2U3/GcAobg
HH2eZjPUz53r38ARPiU3pzm9LwDa3WZgJJaa/b9VrJwKvbPwe9+0kY3gScDE1skT
ladHt+KHHmGQArEutkzHlpZa73RbroFEIa1qmN6MaDEHGoxZqDh0Sv2cpvOaVYGO
St8ZaddLBPC17bSjAPWo9sWbvL7FgPFOHhnPmbeux8SLtnfWxXWsgo5hLBanKmO1
1z+I/w/6DL6ZYZU6bAJUk+eyVVImJqw0x3IEElI07Nh9MC6BA4iJ77ejobj8HI2r
q9ulRPEqH9NR79619lNKVUkE206dVlXo7xHmJS1QZy5v/GT66xBxyDVfTduPFXk=
=oP+v
-----END PGP SIGNATURE-----

  </version>
</log>
<log realm="org.jpos.q2.qbean.SystemMonitor" at="2020-10-18T16:15:19.789049700">
  <info>
               OS: Windows 10 (10.0)
             Java: 11.0.8 (Oracle Corporation) AES-secure
     process name: 12224@DESKTOP-4DN7F97
        user name: user
             host: DESKTOP-4DN7F97/172.18.2.209
              cwd: C:\Users\user\Desktop\multiprojectModuler
       free space: 162.4 GiB
          version: 2.1.2 (6f9379a)
         instance: a5aeae44-0ad0-4dca-ba61-dc9e9cd45e06
           uptime: 3d 01:40:06.733 (-1.000000)
       processors: 8
           drift : 1
    memory(t/u/f): 308/39/268
         encoding: UTF-8
         timezone: Africa/Nairobi (Eastern Africa Time) +03:00
    watch service: sun.nio.fs.WindowsWatchService
            clock: 1603026920 2020-10-18T13:15:20.126020900Z
     thread count: 33
     peak threads: 40
     user threads: 26
            Thread[Reference Handler,10,system]
            Thread[Finalizer,8,system]
            Thread[Signal Dispatcher,9,system]
            Thread[Attach Listener,5,system]
            Thread[RMI TCP Accept-0,5,system]
            Thread[RMI Scheduler(0),5,system]
            Thread[Monitor Ctrl-Break,5,main]
            Thread[HikariPool-1 housekeeper,5,main]
            Thread[Catalina-utility-1,1,main]
            Thread[Catalina-utility-2,1,main]
            Thread[container-0,5,main]
            Thread[http-nio-9099-BlockPoller,5,main]
            Thread[http-nio-9099-exec-1,5,main]
            Thread[http-nio-9099-exec-2,5,main]
            Thread[http-nio-9099-exec-3,5,main]
            Thread[http-nio-9099-exec-4,5,main]
            Thread[http-nio-9099-exec-5,5,main]
            Thread[http-nio-9099-exec-6,5,main]
            Thread[http-nio-9099-exec-7,5,main]
            Thread[http-nio-9099-exec-8,5,main]
            Thread[http-nio-9099-exec-9,5,main]
            Thread[http-nio-9099-exec-10,5,main]
            Thread[http-nio-9099-ClientPoller,5,main]
            Thread[http-nio-9099-Acceptor,5,main]
            Thread[pool-1-thread-1,5,main]
            Thread[Q2-a5aeae44-0ad0-4dca-ba61-dc9e9cd45e06,5,main]
            Thread[FileSystemWatchService,5,main]
            Thread[Timer-0,5,main]
            Thread[Thread-4,5,main]
            Thread[SystemMonitor,5,main]
            Thread[DestroyJavaVM,5,main]
            Thread[ISOServer-ThreadPool.PooledThread-0-idle,5,ISOServer-ThreadPool-0]
            Thread[Common-Cleaner,8,InnocuousThreadGroup]
    name-registrar:
      tspace:default: org.jpos.space.TSpace
         key-count: 0
            gcinfo: 0,0
      tspace:txnmgr: org.jpos.space.TSpace
         key-count: 0
            gcinfo: 0,0
      ISOServer: org.jpos.q2.iso.QServer
      Q2: org.jpos.q2.Q2
      server.ISOServer: org.jpos.iso.ISOServer
        connected=0, rx=0, tx=0, last=1602769764104, idle=257156552ms
      logger.Q2: org.jpos.util.Logger
      transient:default: org.jpos.space.TSpace
         key-count: 0
            gcinfo: 0,0
      logger.Q2.buffered: org.jpos.util.BufferedLogListener
  </info>
</log>
<log realm="Q2.system" at="2020-10-18T16:58:36.557489100" lifespan="27ms">
  <version>
    jPOS 2.1.2 master/6f9379a (2018-09-19 16:33:22 ART) 

-----BEGIN PGP SIGNED MESSAGE-----
Hash: SHA1

jPOS Community Edition, licensed under GNU AGPL v3.0.
This software is probably not suitable for commercial use.
Please see http://jpos.org/license for details.

-----BEGIN PGP SIGNATURE-----
Version: GnuPG v1.4.9 (Darwin)

iQEcBAEBAgAGBQJMolHDAAoJEOQyeO71nYtFv74H/3OgehDGEy1VXp2U3/GcAobg
HH2eZjPUz53r38ARPiU3pzm9LwDa3WZgJJaa/b9VrJwKvbPwe9+0kY3gScDE1skT
ladHt+KHHmGQArEutkzHlpZa73RbroFEIa1qmN6MaDEHGoxZqDh0Sv2cpvOaVYGO
St8ZaddLBPC17bSjAPWo9sWbvL7FgPFOHhnPmbeux8SLtnfWxXWsgo5hLBanKmO1
1z+I/w/6DL6ZYZU6bAJUk+eyVVImJqw0x3IEElI07Nh9MC6BA4iJ77ejobj8HI2r
q9ulRPEqH9NR79619lNKVUkE206dVlXo7xHmJS1QZy5v/GT66xBxyDVfTduPFXk=
=oP+v
-----END PGP SIGNATURE-----

  </version>
</log>
<log realm="Q2.system" at="2020-10-18T17:58:38.804335100" lifespan="8ms">
  <version>
    jPOS 2.1.2 master/6f9379a (2018-09-19 16:33:22 ART) 

-----BEGIN PGP SIGNED MESSAGE-----
Hash: SHA1

jPOS Community Edition, licensed under GNU AGPL v3.0.
This software is probably not suitable for commercial use.
Please see http://jpos.org/license for details.

-----BEGIN PGP SIGNATURE-----
Version: GnuPG v1.4.9 (Darwin)

iQEcBAEBAgAGBQJMolHDAAoJEOQyeO71nYtFv74H/3OgehDGEy1VXp2U3/GcAobg
HH2eZjPUz53r38ARPiU3pzm9LwDa3WZgJJaa/b9VrJwKvbPwe9+0kY3gScDE1skT
ladHt+KHHmGQArEutkzHlpZa73RbroFEIa1qmN6MaDEHGoxZqDh0Sv2cpvOaVYGO
St8ZaddLBPC17bSjAPWo9sWbvL7FgPFOHhnPmbeux8SLtnfWxXWsgo5hLBanKmO1
1z+I/w/6DL6ZYZU6bAJUk+eyVVImJqw0x3IEElI07Nh9MC6BA4iJ77ejobj8HI2r
q9ulRPEqH9NR79619lNKVUkE206dVlXo7xHmJS1QZy5v/GT66xBxyDVfTduPFXk=
=oP+v
-----END PGP SIGNATURE-----

  </version>
</log>
<log realm="Q2.system" at="2020-10-18T21:06:54.897600300" lifespan="3ms">
  <version>
    jPOS 2.1.2 master/6f9379a (2018-09-19 16:33:22 ART) 

-----BEGIN PGP SIGNED MESSAGE-----
Hash: SHA1

jPOS Community Edition, licensed under GNU AGPL v3.0.
This software is probably not suitable for commercial use.
Please see http://jpos.org/license for details.

-----BEGIN PGP SIGNATURE-----
Version: GnuPG v1.4.9 (Darwin)

iQEcBAEBAgAGBQJMolHDAAoJEOQyeO71nYtFv74H/3OgehDGEy1VXp2U3/GcAobg
HH2eZjPUz53r38ARPiU3pzm9LwDa3WZgJJaa/b9VrJwKvbPwe9+0kY3gScDE1skT
ladHt+KHHmGQArEutkzHlpZa73RbroFEIa1qmN6MaDEHGoxZqDh0Sv2cpvOaVYGO
St8ZaddLBPC17bSjAPWo9sWbvL7FgPFOHhnPmbeux8SLtnfWxXWsgo5hLBanKmO1
1z+I/w/6DL6ZYZU6bAJUk+eyVVImJqw0x3IEElI07Nh9MC6BA4iJ77ejobj8HI2r
q9ulRPEqH9NR79619lNKVUkE206dVlXo7xHmJS1QZy5v/GT66xBxyDVfTduPFXk=
=oP+v
-----END PGP SIGNATURE-----

  </version>
</log>
<log realm="Q2.system" at="2020-10-18T23:16:15.678580300" lifespan="2ms">
  <version>
    jPOS 2.1.2 master/6f9379a (2018-09-19 16:33:22 ART) 

-----BEGIN PGP SIGNED MESSAGE-----
Hash: SHA1

jPOS Community Edition, licensed under GNU AGPL v3.0.
This software is probably not suitable for commercial use.
Please see http://jpos.org/license for details.

-----BEGIN PGP SIGNATURE-----
Version: GnuPG v1.4.9 (Darwin)

iQEcBAEBAgAGBQJMolHDAAoJEOQyeO71nYtFv74H/3OgehDGEy1VXp2U3/GcAobg
HH2eZjPUz53r38ARPiU3pzm9LwDa3WZgJJaa/b9VrJwKvbPwe9+0kY3gScDE1skT
ladHt+KHHmGQArEutkzHlpZa73RbroFEIa1qmN6MaDEHGoxZqDh0Sv2cpvOaVYGO
St8ZaddLBPC17bSjAPWo9sWbvL7FgPFOHhnPmbeux8SLtnfWxXWsgo5hLBanKmO1
1z+I/w/6DL6ZYZU6bAJUk+eyVVImJqw0x3IEElI07Nh9MC6BA4iJ77ejobj8HI2r
q9ulRPEqH9NR79619lNKVUkE206dVlXo7xHmJS1QZy5v/GT66xBxyDVfTduPFXk=
=oP+v
-----END PGP SIGNATURE-----

  </version>
</log>
<log realm="Q2.system" at="2020-10-19T00:16:16.957688300" lifespan="2ms">
  <version>
    jPOS 2.1.2 master/6f9379a (2018-09-19 16:33:22 ART) 

-----BEGIN PGP SIGNED MESSAGE-----
Hash: SHA1

jPOS Community Edition, licensed under GNU AGPL v3.0.
This software is probably not suitable for commercial use.
Please see http://jpos.org/license for details.

-----BEGIN PGP SIGNATURE-----
Version: GnuPG v1.4.9 (Darwin)

iQEcBAEBAgAGBQJMolHDAAoJEOQyeO71nYtFv74H/3OgehDGEy1VXp2U3/GcAobg
HH2eZjPUz53r38ARPiU3pzm9LwDa3WZgJJaa/b9VrJwKvbPwe9+0kY3gScDE1skT
ladHt+KHHmGQArEutkzHlpZa73RbroFEIa1qmN6MaDEHGoxZqDh0Sv2cpvOaVYGO
St8ZaddLBPC17bSjAPWo9sWbvL7FgPFOHhnPmbeux8SLtnfWxXWsgo5hLBanKmO1
1z+I/w/6DL6ZYZU6bAJUk+eyVVImJqw0x3IEElI07Nh9MC6BA4iJ77ejobj8HI2r
q9ulRPEqH9NR79619lNKVUkE206dVlXo7xHmJS1QZy5v/GT66xBxyDVfTduPFXk=
=oP+v
-----END PGP SIGNATURE-----

  </version>
</log>
<log realm="Q2.system" at="2020-10-19T01:16:19.079517700" lifespan="460ms">
  <version>
    jPOS 2.1.2 master/6f9379a (2018-09-19 16:33:22 ART) 

-----BEGIN PGP SIGNED MESSAGE-----
Hash: SHA1

jPOS Community Edition, licensed under GNU AGPL v3.0.
This software is probably not suitable for commercial use.
Please see http://jpos.org/license for details.

-----BEGIN PGP SIGNATURE-----
Version: GnuPG v1.4.9 (Darwin)

iQEcBAEBAgAGBQJMolHDAAoJEOQyeO71nYtFv74H/3OgehDGEy1VXp2U3/GcAobg
HH2eZjPUz53r38ARPiU3pzm9LwDa3WZgJJaa/b9VrJwKvbPwe9+0kY3gScDE1skT
ladHt+KHHmGQArEutkzHlpZa73RbroFEIa1qmN6MaDEHGoxZqDh0Sv2cpvOaVYGO
St8ZaddLBPC17bSjAPWo9sWbvL7FgPFOHhnPmbeux8SLtnfWxXWsgo5hLBanKmO1
1z+I/w/6DL6ZYZU6bAJUk+eyVVImJqw0x3IEElI07Nh9MC6BA4iJ77ejobj8HI2r
q9ulRPEqH9NR79619lNKVUkE206dVlXo7xHmJS1QZy5v/GT66xBxyDVfTduPFXk=
=oP+v
-----END PGP SIGNATURE-----

  </version>
</log>
<log realm="Q2.system" at="2020-10-19T02:16:18.944987400" lifespan="1ms">
  <version>
    jPOS 2.1.2 master/6f9379a (2018-09-19 16:33:22 ART) 

-----BEGIN PGP SIGNED MESSAGE-----
Hash: SHA1

jPOS Community Edition, licensed under GNU AGPL v3.0.
This software is probably not suitable for commercial use.
Please see http://jpos.org/license for details.

-----BEGIN PGP SIGNATURE-----
Version: GnuPG v1.4.9 (Darwin)

iQEcBAEBAgAGBQJMolHDAAoJEOQyeO71nYtFv74H/3OgehDGEy1VXp2U3/GcAobg
HH2eZjPUz53r38ARPiU3pzm9LwDa3WZgJJaa/b9VrJwKvbPwe9+0kY3gScDE1skT
ladHt+KHHmGQArEutkzHlpZa73RbroFEIa1qmN6MaDEHGoxZqDh0Sv2cpvOaVYGO
St8ZaddLBPC17bSjAPWo9sWbvL7FgPFOHhnPmbeux8SLtnfWxXWsgo5hLBanKmO1
1z+I/w/6DL6ZYZU6bAJUk+eyVVImJqw0x3IEElI07Nh9MC6BA4iJ77ejobj8HI2r
q9ulRPEqH9NR79619lNKVUkE206dVlXo7xHmJS1QZy5v/GT66xBxyDVfTduPFXk=
=oP+v
-----END PGP SIGNATURE-----

  </version>
</log>
<log realm="Q2.system" at="2020-10-19T03:16:20.872830900" lifespan="1ms">
  <version>
    jPOS 2.1.2 master/6f9379a (2018-09-19 16:33:22 ART) 

-----BEGIN PGP SIGNED MESSAGE-----
Hash: SHA1

jPOS Community Edition, licensed under GNU AGPL v3.0.
This software is probably not suitable for commercial use.
Please see http://jpos.org/license for details.

-----BEGIN PGP SIGNATURE-----
Version: GnuPG v1.4.9 (Darwin)

iQEcBAEBAgAGBQJMolHDAAoJEOQyeO71nYtFv74H/3OgehDGEy1VXp2U3/GcAobg
HH2eZjPUz53r38ARPiU3pzm9LwDa3WZgJJaa/b9VrJwKvbPwe9+0kY3gScDE1skT
ladHt+KHHmGQArEutkzHlpZa73RbroFEIa1qmN6MaDEHGoxZqDh0Sv2cpvOaVYGO
St8ZaddLBPC17bSjAPWo9sWbvL7FgPFOHhnPmbeux8SLtnfWxXWsgo5hLBanKmO1
1z+I/w/6DL6ZYZU6bAJUk+eyVVImJqw0x3IEElI07Nh9MC6BA4iJ77ejobj8HI2r
q9ulRPEqH9NR79619lNKVUkE206dVlXo7xHmJS1QZy5v/GT66xBxyDVfTduPFXk=
=oP+v
-----END PGP SIGNATURE-----

  </version>
</log>
<log realm="Q2.system" at="2020-10-19T04:16:22.887945" lifespan="1ms">
  <version>
    jPOS 2.1.2 master/6f9379a (2018-09-19 16:33:22 ART) 

-----BEGIN PGP SIGNED MESSAGE-----
Hash: SHA1

jPOS Community Edition, licensed under GNU AGPL v3.0.
This software is probably not suitable for commercial use.
Please see http://jpos.org/license for details.

-----BEGIN PGP SIGNATURE-----
Version: GnuPG v1.4.9 (Darwin)

iQEcBAEBAgAGBQJMolHDAAoJEOQyeO71nYtFv74H/3OgehDGEy1VXp2U3/GcAobg
HH2eZjPUz53r38ARPiU3pzm9LwDa3WZgJJaa/b9VrJwKvbPwe9+0kY3gScDE1skT
ladHt+KHHmGQArEutkzHlpZa73RbroFEIa1qmN6MaDEHGoxZqDh0Sv2cpvOaVYGO
St8ZaddLBPC17bSjAPWo9sWbvL7FgPFOHhnPmbeux8SLtnfWxXWsgo5hLBanKmO1
1z+I/w/6DL6ZYZU6bAJUk+eyVVImJqw0x3IEElI07Nh9MC6BA4iJ77ejobj8HI2r
q9ulRPEqH9NR79619lNKVUkE206dVlXo7xHmJS1QZy5v/GT66xBxyDVfTduPFXk=
=oP+v
-----END PGP SIGNATURE-----

  </version>
</log>
<log realm="rotate-log-listener" at="Mon Oct 19 05:10:31 EAT 2020">
   time exceeded - log rotated
</log>
</logger>
