<?xml version="1.0" encoding="UTF-8"?>
<logger class="org.jpos.util.DailyLogListener">
<log realm="rotate-log-listener" at="Thu Oct 15 01:58:27 EAT 2020">
   maxage feature is disabled.
</log>
<log realm="Q2.system" at="2020-10-15T02:14:58.035692300" lifespan="29ms">
  <version>
    jPOS 2.1.2 master/6f9379a (2018-09-19 16:33:22 ART) 

-----BEGIN PGP SIGNED MESSAGE-----
Hash: SHA1

jPOS Community Edition, licensed under GNU AGPL v3.0.
This software is probably not suitable for commercial use.
Please see http://jpos.org/license for details.

-----BEGIN PGP SIGNATURE-----
Version: GnuPG v1.4.9 (Darwin)

iQEcBAEBAgAGBQJMolHDAAoJEOQyeO71nYtFv74H/3OgehDGEy1VXp2U3/GcAobg
HH2eZjPUz53r38ARPiU3pzm9LwDa3WZgJJaa/b9VrJwKvbPwe9+0kY3gScDE1skT
ladHt+KHHmGQArEutkzHlpZa73RbroFEIa1qmN6MaDEHGoxZqDh0Sv2cpvOaVYGO
St8ZaddLBPC17bSjAPWo9sWbvL7FgPFOHhnPmbeux8SLtnfWxXWsgo5hLBanKmO1
1z+I/w/6DL6ZYZU6bAJUk+eyVVImJqw0x3IEElI07Nh9MC6BA4iJ77ejobj8HI2r
q9ulRPEqH9NR79619lNKVUkE206dVlXo7xHmJS1QZy5v/GT66xBxyDVfTduPFXk=
=oP+v
-----END PGP SIGNATURE-----

  </version>
</log>
<log realm="Q2.system" at="2020-10-15T03:15:00.108027400" lifespan="2ms">
  <version>
    jPOS 2.1.2 master/6f9379a (2018-09-19 16:33:22 ART) 

-----BEGIN PGP SIGNED MESSAGE-----
Hash: SHA1

jPOS Community Edition, licensed under GNU AGPL v3.0.
This software is probably not suitable for commercial use.
Please see http://jpos.org/license for details.

-----BEGIN PGP SIGNATURE-----
Version: GnuPG v1.4.9 (Darwin)

iQEcBAEBAgAGBQJMolHDAAoJEOQyeO71nYtFv74H/3OgehDGEy1VXp2U3/GcAobg
HH2eZjPUz53r38ARPiU3pzm9LwDa3WZgJJaa/b9VrJwKvbPwe9+0kY3gScDE1skT
ladHt+KHHmGQArEutkzHlpZa73RbroFEIa1qmN6MaDEHGoxZqDh0Sv2cpvOaVYGO
St8ZaddLBPC17bSjAPWo9sWbvL7FgPFOHhnPmbeux8SLtnfWxXWsgo5hLBanKmO1
1z+I/w/6DL6ZYZU6bAJUk+eyVVImJqw0x3IEElI07Nh9MC6BA4iJ77ejobj8HI2r
q9ulRPEqH9NR79619lNKVUkE206dVlXo7xHmJS1QZy5v/GT66xBxyDVfTduPFXk=
=oP+v
-----END PGP SIGNATURE-----

  </version>
</log>
<log realm="Q2.system" at="2020-10-15T04:15:02.223074500" lifespan="2ms">
  <version>
    jPOS 2.1.2 master/6f9379a (2018-09-19 16:33:22 ART) 

-----BEGIN PGP SIGNED MESSAGE-----
Hash: SHA1

jPOS Community Edition, licensed under GNU AGPL v3.0.
This software is probably not suitable for commercial use.
Please see http://jpos.org/license for details.

-----BEGIN PGP SIGNATURE-----
Version: GnuPG v1.4.9 (Darwin)

iQEcBAEBAgAGBQJMolHDAAoJEOQyeO71nYtFv74H/3OgehDGEy1VXp2U3/GcAobg
HH2eZjPUz53r38ARPiU3pzm9LwDa3WZgJJaa/b9VrJwKvbPwe9+0kY3gScDE1skT
ladHt+KHHmGQArEutkzHlpZa73RbroFEIa1qmN6MaDEHGoxZqDh0Sv2cpvOaVYGO
St8ZaddLBPC17bSjAPWo9sWbvL7FgPFOHhnPmbeux8SLtnfWxXWsgo5hLBanKmO1
1z+I/w/6DL6ZYZU6bAJUk+eyVVImJqw0x3IEElI07Nh9MC6BA4iJ77ejobj8HI2r
q9ulRPEqH9NR79619lNKVUkE206dVlXo7xHmJS1QZy5v/GT66xBxyDVfTduPFXk=
=oP+v
-----END PGP SIGNATURE-----

  </version>
</log>
<log realm="Q2.system" at="2020-10-15T05:15:04.307065700" lifespan="2ms">
  <version>
    jPOS 2.1.2 master/6f9379a (2018-09-19 16:33:22 ART) 

-----BEGIN PGP SIGNED MESSAGE-----
Hash: SHA1

jPOS Community Edition, licensed under GNU AGPL v3.0.
This software is probably not suitable for commercial use.
Please see http://jpos.org/license for details.

-----BEGIN PGP SIGNATURE-----
Version: GnuPG v1.4.9 (Darwin)

iQEcBAEBAgAGBQJMolHDAAoJEOQyeO71nYtFv74H/3OgehDGEy1VXp2U3/GcAobg
HH2eZjPUz53r38ARPiU3pzm9LwDa3WZgJJaa/b9VrJwKvbPwe9+0kY3gScDE1skT
ladHt+KHHmGQArEutkzHlpZa73RbroFEIa1qmN6MaDEHGoxZqDh0Sv2cpvOaVYGO
St8ZaddLBPC17bSjAPWo9sWbvL7FgPFOHhnPmbeux8SLtnfWxXWsgo5hLBanKmO1
1z+I/w/6DL6ZYZU6bAJUk+eyVVImJqw0x3IEElI07Nh9MC6BA4iJ77ejobj8HI2r
q9ulRPEqH9NR79619lNKVUkE206dVlXo7xHmJS1QZy5v/GT66xBxyDVfTduPFXk=
=oP+v
-----END PGP SIGNATURE-----

  </version>
</log>
<log realm="Q2.system" at="2020-10-15T06:15:06.337604900" lifespan="20ms">
  <version>
    jPOS 2.1.2 master/6f9379a (2018-09-19 16:33:22 ART) 

-----BEGIN PGP SIGNED MESSAGE-----
Hash: SHA1

jPOS Community Edition, licensed under GNU AGPL v3.0.
This software is probably not suitable for commercial use.
Please see http://jpos.org/license for details.

-----BEGIN PGP SIGNATURE-----
Version: GnuPG v1.4.9 (Darwin)

iQEcBAEBAgAGBQJMolHDAAoJEOQyeO71nYtFv74H/3OgehDGEy1VXp2U3/GcAobg
HH2eZjPUz53r38ARPiU3pzm9LwDa3WZgJJaa/b9VrJwKvbPwe9+0kY3gScDE1skT
ladHt+KHHmGQArEutkzHlpZa73RbroFEIa1qmN6MaDEHGoxZqDh0Sv2cpvOaVYGO
St8ZaddLBPC17bSjAPWo9sWbvL7FgPFOHhnPmbeux8SLtnfWxXWsgo5hLBanKmO1
1z+I/w/6DL6ZYZU6bAJUk+eyVVImJqw0x3IEElI07Nh9MC6BA4iJ77ejobj8HI2r
q9ulRPEqH9NR79619lNKVUkE206dVlXo7xHmJS1QZy5v/GT66xBxyDVfTduPFXk=
=oP+v
-----END PGP SIGNATURE-----

  </version>
</log>
<log realm="Q2.system" at="2020-10-15T07:15:08.547189700" lifespan="4ms">
  <version>
    jPOS 2.1.2 master/6f9379a (2018-09-19 16:33:22 ART) 

-----BEGIN PGP SIGNED MESSAGE-----
Hash: SHA1

jPOS Community Edition, licensed under GNU AGPL v3.0.
This software is probably not suitable for commercial use.
Please see http://jpos.org/license for details.

-----BEGIN PGP SIGNATURE-----
Version: GnuPG v1.4.9 (Darwin)

iQEcBAEBAgAGBQJMolHDAAoJEOQyeO71nYtFv74H/3OgehDGEy1VXp2U3/GcAobg
HH2eZjPUz53r38ARPiU3pzm9LwDa3WZgJJaa/b9VrJwKvbPwe9+0kY3gScDE1skT
ladHt+KHHmGQArEutkzHlpZa73RbroFEIa1qmN6MaDEHGoxZqDh0Sv2cpvOaVYGO
St8ZaddLBPC17bSjAPWo9sWbvL7FgPFOHhnPmbeux8SLtnfWxXWsgo5hLBanKmO1
1z+I/w/6DL6ZYZU6bAJUk+eyVVImJqw0x3IEElI07Nh9MC6BA4iJ77ejobj8HI2r
q9ulRPEqH9NR79619lNKVUkE206dVlXo7xHmJS1QZy5v/GT66xBxyDVfTduPFXk=
=oP+v
-----END PGP SIGNATURE-----

  </version>
</log>
<log realm="Q2.system" at="2020-10-15T08:15:10.888436800" lifespan="4ms">
  <version>
    jPOS 2.1.2 master/6f9379a (2018-09-19 16:33:22 ART) 

-----BEGIN PGP SIGNED MESSAGE-----
Hash: SHA1

jPOS Community Edition, licensed under GNU AGPL v3.0.
This software is probably not suitable for commercial use.
Please see http://jpos.org/license for details.

-----BEGIN PGP SIGNATURE-----
Version: GnuPG v1.4.9 (Darwin)

iQEcBAEBAgAGBQJMolHDAAoJEOQyeO71nYtFv74H/3OgehDGEy1VXp2U3/GcAobg
HH2eZjPUz53r38ARPiU3pzm9LwDa3WZgJJaa/b9VrJwKvbPwe9+0kY3gScDE1skT
ladHt+KHHmGQArEutkzHlpZa73RbroFEIa1qmN6MaDEHGoxZqDh0Sv2cpvOaVYGO
St8ZaddLBPC17bSjAPWo9sWbvL7FgPFOHhnPmbeux8SLtnfWxXWsgo5hLBanKmO1
1z+I/w/6DL6ZYZU6bAJUk+eyVVImJqw0x3IEElI07Nh9MC6BA4iJ77ejobj8HI2r
q9ulRPEqH9NR79619lNKVUkE206dVlXo7xHmJS1QZy5v/GT66xBxyDVfTduPFXk=
=oP+v
-----END PGP SIGNATURE-----

  </version>
</log>
<log realm="Q2.system" at="2020-10-15T09:36:41.859652700" lifespan="4ms">
  <version>
    jPOS 2.1.2 master/6f9379a (2018-09-19 16:33:22 ART) 

-----BEGIN PGP SIGNED MESSAGE-----
Hash: SHA1

jPOS Community Edition, licensed under GNU AGPL v3.0.
This software is probably not suitable for commercial use.
Please see http://jpos.org/license for details.

-----BEGIN PGP SIGNATURE-----
Version: GnuPG v1.4.9 (Darwin)

iQEcBAEBAgAGBQJMolHDAAoJEOQyeO71nYtFv74H/3OgehDGEy1VXp2U3/GcAobg
HH2eZjPUz53r38ARPiU3pzm9LwDa3WZgJJaa/b9VrJwKvbPwe9+0kY3gScDE1skT
ladHt+KHHmGQArEutkzHlpZa73RbroFEIa1qmN6MaDEHGoxZqDh0Sv2cpvOaVYGO
St8ZaddLBPC17bSjAPWo9sWbvL7FgPFOHhnPmbeux8SLtnfWxXWsgo5hLBanKmO1
1z+I/w/6DL6ZYZU6bAJUk+eyVVImJqw0x3IEElI07Nh9MC6BA4iJ77ejobj8HI2r
q9ulRPEqH9NR79619lNKVUkE206dVlXo7xHmJS1QZy5v/GT66xBxyDVfTduPFXk=
=oP+v
-----END PGP SIGNATURE-----

  </version>
</log>
<log realm="Q2.system" at="2020-10-15T10:36:43.487664300" lifespan="6ms">
  <version>
    jPOS 2.1.2 master/6f9379a (2018-09-19 16:33:22 ART) 

-----BEGIN PGP SIGNED MESSAGE-----
Hash: SHA1

jPOS Community Edition, licensed under GNU AGPL v3.0.
This software is probably not suitable for commercial use.
Please see http://jpos.org/license for details.

-----BEGIN PGP SIGNATURE-----
Version: GnuPG v1.4.9 (Darwin)

iQEcBAEBAgAGBQJMolHDAAoJEOQyeO71nYtFv74H/3OgehDGEy1VXp2U3/GcAobg
HH2eZjPUz53r38ARPiU3pzm9LwDa3WZgJJaa/b9VrJwKvbPwe9+0kY3gScDE1skT
ladHt+KHHmGQArEutkzHlpZa73RbroFEIa1qmN6MaDEHGoxZqDh0Sv2cpvOaVYGO
St8ZaddLBPC17bSjAPWo9sWbvL7FgPFOHhnPmbeux8SLtnfWxXWsgo5hLBanKmO1
1z+I/w/6DL6ZYZU6bAJUk+eyVVImJqw0x3IEElI07Nh9MC6BA4iJ77ejobj8HI2r
q9ulRPEqH9NR79619lNKVUkE206dVlXo7xHmJS1QZy5v/GT66xBxyDVfTduPFXk=
=oP+v
-----END PGP SIGNATURE-----

  </version>
</log>
<log realm="org.jpos.q2.qbean.SystemMonitor" at="2020-10-15T10:36:45.707994900">
  <info>
               OS: Windows 10 (10.0)
             Java: 11.0.8 (Oracle Corporation) AES-secure
     process name: 23456@DESKTOP-4DN7F97
        user name: user
             host: DESKTOP-4DN7F97/192.168.254.54
              cwd: C:\Users\user\Desktop\multiprojectModuler
       free space: 163.2 GiB
          version: 2.1.2 (6f9379a)
         instance: 1f051c9f-553d-43b8-a622-71fda2b5b322
           uptime: 23:08:38.298 (-1.000000)
       processors: 8
           drift : 4210323
    memory(t/u/f): 308/181/126
         encoding: UTF-8
         timezone: Africa/Nairobi (Eastern Africa Time) +03:00
    watch service: sun.nio.fs.WindowsWatchService
            clock: 1602747405 2020-10-15T07:36:45.708989400Z
     thread count: 33
     peak threads: 40
     user threads: 26
            Thread[Reference Handler,10,system]
            Thread[Finalizer,8,system]
            Thread[Signal Dispatcher,9,system]
            Thread[Attach Listener,5,system]
            Thread[RMI TCP Accept-0,5,system]
            Thread[RMI Scheduler(0),5,system]
            Thread[Monitor Ctrl-Break,5,main]
            Thread[HikariPool-1 housekeeper,5,main]
            Thread[Catalina-utility-1,1,main]
            Thread[Catalina-utility-2,1,main]
            Thread[container-0,5,main]
            Thread[http-nio-9099-BlockPoller,5,main]
            Thread[http-nio-9099-exec-1,5,main]
            Thread[http-nio-9099-exec-2,5,main]
            Thread[http-nio-9099-exec-3,5,main]
            Thread[http-nio-9099-exec-4,5,main]
            Thread[http-nio-9099-exec-5,5,main]
            Thread[http-nio-9099-exec-6,5,main]
            Thread[http-nio-9099-exec-7,5,main]
            Thread[http-nio-9099-exec-8,5,main]
            Thread[http-nio-9099-exec-9,5,main]
            Thread[http-nio-9099-exec-10,5,main]
            Thread[http-nio-9099-ClientPoller,5,main]
            Thread[http-nio-9099-Acceptor,5,main]
            Thread[pool-1-thread-1,5,main]
            Thread[Q2-1f051c9f-553d-43b8-a622-71fda2b5b322,5,main]
            Thread[FileSystemWatchService,5,main]
            Thread[Timer-0,5,main]
            Thread[Thread-4,5,main]
            Thread[SystemMonitor,5,main]
            Thread[DestroyJavaVM,5,main]
            Thread[ISOServer-ThreadPool.PooledThread-0-idle,5,ISOServer-ThreadPool-0]
            Thread[Common-Cleaner,8,InnocuousThreadGroup]
    name-registrar:
      tspace:default: org.jpos.space.TSpace
         key-count: 0
            gcinfo: 0,0
      tspace:txnmgr: org.jpos.space.TSpace
         key-count: 0
            gcinfo: 0,0
      ISOServer: org.jpos.q2.iso.QServer
      Q2: org.jpos.q2.Q2
      server.ISOServer: org.jpos.iso.ISOServer
        connected=0, rx=0, tx=0, last=1602681272138, idle=66133576ms
      logger.Q2: org.jpos.util.Logger
      transient:default: org.jpos.space.TSpace
         key-count: 0
            gcinfo: 0,0
      logger.Q2.buffered: org.jpos.util.BufferedLogListener
  </info>
</log>
<log realm="Q2.system" at="2020-10-15T11:36:44.439303800" lifespan="26ms">
  <version>
    jPOS 2.1.2 master/6f9379a (2018-09-19 16:33:22 ART) 

-----BEGIN PGP SIGNED MESSAGE-----
Hash: SHA1

jPOS Community Edition, licensed under GNU AGPL v3.0.
This software is probably not suitable for commercial use.
Please see http://jpos.org/license for details.

-----BEGIN PGP SIGNATURE-----
Version: GnuPG v1.4.9 (Darwin)

iQEcBAEBAgAGBQJMolHDAAoJEOQyeO71nYtFv74H/3OgehDGEy1VXp2U3/GcAobg
HH2eZjPUz53r38ARPiU3pzm9LwDa3WZgJJaa/b9VrJwKvbPwe9+0kY3gScDE1skT
ladHt+KHHmGQArEutkzHlpZa73RbroFEIa1qmN6MaDEHGoxZqDh0Sv2cpvOaVYGO
St8ZaddLBPC17bSjAPWo9sWbvL7FgPFOHhnPmbeux8SLtnfWxXWsgo5hLBanKmO1
1z+I/w/6DL6ZYZU6bAJUk+eyVVImJqw0x3IEElI07Nh9MC6BA4iJ77ejobj8HI2r
q9ulRPEqH9NR79619lNKVUkE206dVlXo7xHmJS1QZy5v/GT66xBxyDVfTduPFXk=
=oP+v
-----END PGP SIGNATURE-----

  </version>
</log>
<log realm="Q2.system" at="2020-10-15T12:36:46.190038900" lifespan="8ms">
  <version>
    jPOS 2.1.2 master/6f9379a (2018-09-19 16:33:22 ART) 

-----BEGIN PGP SIGNED MESSAGE-----
Hash: SHA1

jPOS Community Edition, licensed under GNU AGPL v3.0.
This software is probably not suitable for commercial use.
Please see http://jpos.org/license for details.

-----BEGIN PGP SIGNATURE-----
Version: GnuPG v1.4.9 (Darwin)

iQEcBAEBAgAGBQJMolHDAAoJEOQyeO71nYtFv74H/3OgehDGEy1VXp2U3/GcAobg
HH2eZjPUz53r38ARPiU3pzm9LwDa3WZgJJaa/b9VrJwKvbPwe9+0kY3gScDE1skT
ladHt+KHHmGQArEutkzHlpZa73RbroFEIa1qmN6MaDEHGoxZqDh0Sv2cpvOaVYGO
St8ZaddLBPC17bSjAPWo9sWbvL7FgPFOHhnPmbeux8SLtnfWxXWsgo5hLBanKmO1
1z+I/w/6DL6ZYZU6bAJUk+eyVVImJqw0x3IEElI07Nh9MC6BA4iJ77ejobj8HI2r
q9ulRPEqH9NR79619lNKVUkE206dVlXo7xHmJS1QZy5v/GT66xBxyDVfTduPFXk=
=oP+v
-----END PGP SIGNATURE-----

  </version>
</log>
<log realm="Q2.system" at="2020-10-15T13:36:48.257883700" lifespan="10ms">
  <version>
    jPOS 2.1.2 master/6f9379a (2018-09-19 16:33:22 ART) 

-----BEGIN PGP SIGNED MESSAGE-----
Hash: SHA1

jPOS Community Edition, licensed under GNU AGPL v3.0.
This software is probably not suitable for commercial use.
Please see http://jpos.org/license for details.

-----BEGIN PGP SIGNATURE-----
Version: GnuPG v1.4.9 (Darwin)

iQEcBAEBAgAGBQJMolHDAAoJEOQyeO71nYtFv74H/3OgehDGEy1VXp2U3/GcAobg
HH2eZjPUz53r38ARPiU3pzm9LwDa3WZgJJaa/b9VrJwKvbPwe9+0kY3gScDE1skT
ladHt+KHHmGQArEutkzHlpZa73RbroFEIa1qmN6MaDEHGoxZqDh0Sv2cpvOaVYGO
St8ZaddLBPC17bSjAPWo9sWbvL7FgPFOHhnPmbeux8SLtnfWxXWsgo5hLBanKmO1
1z+I/w/6DL6ZYZU6bAJUk+eyVVImJqw0x3IEElI07Nh9MC6BA4iJ77ejobj8HI2r
q9ulRPEqH9NR79619lNKVUkE206dVlXo7xHmJS1QZy5v/GT66xBxyDVfTduPFXk=
=oP+v
-----END PGP SIGNATURE-----

  </version>
</log>
<?xml version="1.0" encoding="UTF-8"?>
<logger class="org.jpos.util.DailyLogListener">
<log realm="Q2.system" at="2020-10-15T14:27:42.869647">
  <info>
    Q2 started, deployDir=C:\Users\user\Desktop\multiprojectModuler\config\jpos
  </info>
</log>
<log realm="Q2.system" at="2020-10-15T14:27:44.393646900" lifespan="1508ms">
  <version>
    jPOS 2.1.2 master/6f9379a (2018-09-19 16:33:22 ART) 

-----BEGIN PGP SIGNED MESSAGE-----
Hash: SHA1

jPOS Community Edition, licensed under GNU AGPL v3.0.
This software is probably not suitable for commercial use.
Please see http://jpos.org/license for details.

-----BEGIN PGP SIGNATURE-----
Version: GnuPG v1.4.9 (Darwin)

iQEcBAEBAgAGBQJMolHDAAoJEOQyeO71nYtFv74H/3OgehDGEy1VXp2U3/GcAobg
HH2eZjPUz53r38ARPiU3pzm9LwDa3WZgJJaa/b9VrJwKvbPwe9+0kY3gScDE1skT
ladHt+KHHmGQArEutkzHlpZa73RbroFEIa1qmN6MaDEHGoxZqDh0Sv2cpvOaVYGO
St8ZaddLBPC17bSjAPWo9sWbvL7FgPFOHhnPmbeux8SLtnfWxXWsgo5hLBanKmO1
1z+I/w/6DL6ZYZU6bAJUk+eyVVImJqw0x3IEElI07Nh9MC6BA4iJ77ejobj8HI2r
q9ulRPEqH9NR79619lNKVUkE206dVlXo7xHmJS1QZy5v/GT66xBxyDVfTduPFXk=
=oP+v
-----END PGP SIGNATURE-----

  </version>
</log>
<log realm="Q2.system" at="2020-10-15T14:27:44.458647400" lifespan="61ms">
  <info>
    deploy: C:\Users\user\Desktop\multiprojectModuler\config\jpos\05_server.xml
  </info>
</log>
<log realm="org.jpos.transaction.TransactionManager" at="2020-10-15T14:27:44.491647100">
  <warn>
    init
    <exception name="com/sleepycat/je/EnvironmentConfig">
    java.lang.NoClassDefFoundError: com/sleepycat/je/EnvironmentConfig
	at org.jpos.space.JESpace.<init>(JESpace.java:75)
	at org.jpos.space.JESpace.getSpace(JESpace.java:328)
	at org.jpos.space.JESpace.getSpace(JESpace.java:334)
	at org.jpos.space.SpaceFactory.createSpace(SpaceFactory.java:143)
	at org.jpos.space.SpaceFactory.getSpace(SpaceFactory.java:117)
	at org.jpos.space.SpaceFactory.getSpace(SpaceFactory.java:105)
	at org.jpos.transaction.TransactionManager.initService(TransactionManager.java:112)
	at org.jpos.q2.QBeanSupport.init(QBeanSupport.java:119)
	at java.base/jdk.internal.reflect.NativeMethodAccessorImpl.invoke0(Native Method)
	at java.base/jdk.internal.reflect.NativeMethodAccessorImpl.invoke(NativeMethodAccessorImpl.java:62)
	at java.base/jdk.internal.reflect.DelegatingMethodAccessorImpl.invoke(DelegatingMethodAccessorImpl.java:43)
	at java.base/java.lang.reflect.Method.invoke(Method.java:566)
	at sun.reflect.misc.Trampoline.invoke(MethodUtil.java:71)
	at jdk.internal.reflect.GeneratedMethodAccessor55.invoke(Unknown Source)
	at java.base/jdk.internal.reflect.DelegatingMethodAccessorImpl.invoke(DelegatingMethodAccessorImpl.java:43)
	at java.base/java.lang.reflect.Method.invoke(Method.java:566)
	at java.base/sun.reflect.misc.MethodUtil.invoke(MethodUtil.java:260)
	at java.management/com.sun.jmx.mbeanserver.StandardMBeanIntrospector.invokeM2(StandardMBeanIntrospector.java:112)
	at java.management/com.sun.jmx.mbeanserver.StandardMBeanIntrospector.invokeM2(StandardMBeanIntrospector.java:46)
	at java.management/com.sun.jmx.mbeanserver.MBeanIntrospector.invokeM(MBeanIntrospector.java:237)
	at java.management/com.sun.jmx.mbeanserver.PerInterface.invoke(PerInterface.java:138)
	at java.management/com.sun.jmx.mbeanserver.MBeanSupport.invoke(MBeanSupport.java:252)
	at java.management/com.sun.jmx.interceptor.DefaultMBeanServerInterceptor.invoke(DefaultMBeanServerInterceptor.java:809)
	at java.management/com.sun.jmx.mbeanserver.JmxMBeanServer.invoke(JmxMBeanServer.java:801)
	at org.jpos.q2.QFactory.createQBean(QFactory.java:121)
	at org.jpos.q2.Q2.deploy(Q2.java:581)
	at org.jpos.q2.Q2.deploy(Q2.java:391)
	at org.jpos.q2.Q2.run(Q2.java:259)
	at java.base/java.lang.Thread.run(Thread.java:834)
Caused by: java.lang.ClassNotFoundException: com.sleepycat.je.EnvironmentConfig
	at java.base/jdk.internal.loader.BuiltinClassLoader.loadClass(BuiltinClassLoader.java:581)
	at java.base/jdk.internal.loader.ClassLoaders$AppClassLoader.loadClass(ClassLoaders.java:178)
	at java.base/java.lang.ClassLoader.loadClass(ClassLoader.java:521)
	... 29 more
    </exception>
  </warn>
</log>
<log realm="Q2.system" at="2020-10-15T14:27:44.494646700" lifespan="34ms">
  <info>
    deploy: C:\Users\user\Desktop\multiprojectModuler\config\jpos\30_txn_mgr.xml
  </info>
</log>
<log realm="Q2.system" at="2020-10-15T14:27:44.500647400" lifespan="5ms">
  <info>
    deploy: C:\Users\user\Desktop\multiprojectModuler\config\jpos\99_sysmon.xml
  </info>
</log>
<log realm="org.jpos.q2.qbean.SystemMonitor" at="2020-10-15T14:27:44.537647200">
  <info>
    Starting SystemMonitor
  </info>
</log>
<log realm="ISOServer.server" at="2020-10-15T14:27:44.538646200">
  <iso-server>
    listening on port 9045
  </iso-server>
</log>
<log realm="org.jpos.q2.qbean.SystemMonitor" at="2020-10-15T14:27:44.538646200">
  <info>
               OS: Windows 10 (10.0)
             Java: 11.0.8 (Oracle Corporation) AES-secure
     process name: 15312@DESKTOP-4DN7F97
        user name: user
             host: DESKTOP-4DN7F97/192.168.137.1
              cwd: C:\Users\user\Desktop\multiprojectModuler
       free space: 162.9 GiB
          version: 2.1.2 (6f9379a)
         instance: 1710c0e8-57a6-4b18-bd04-994dd5221378
           uptime: 00:00:02.011 (-1.000000)
       processors: 8
           drift : 0
    memory(t/u/f): 256/58/197
         encoding: UTF-8
         timezone: Africa/Nairobi (Eastern Africa Time) +03:00
    watch service: sun.nio.fs.WindowsWatchService
            clock: 1602761264 2020-10-15T11:27:44.539646400Z
     thread count: 38
     peak threads: 38
     user threads: 28
            Thread[Reference Handler,10,system]
            Thread[Finalizer,8,system]
            Thread[Signal Dispatcher,9,system]
            Thread[Attach Listener,5,system]
            Thread[RMI TCP Accept-0,5,system]
            Thread[RMI Scheduler(0),5,system]
            Thread[Monitor Ctrl-Break,5,main]
            Thread[HikariPool-1 housekeeper,5,main]
            Thread[Catalina-utility-1,1,main]
            Thread[Catalina-utility-2,1,main]
            Thread[container-0,5,main]
            Thread[task-1,5,main]
            Thread[http-nio-9099-BlockPoller,5,main]
            Thread[http-nio-9099-exec-1,5,main]
            Thread[http-nio-9099-exec-2,5,main]
            Thread[http-nio-9099-exec-3,5,main]
            Thread[http-nio-9099-exec-4,5,main]
            Thread[http-nio-9099-exec-5,5,main]
            Thread[http-nio-9099-exec-6,5,main]
            Thread[http-nio-9099-exec-7,5,main]
            Thread[http-nio-9099-exec-8,5,main]
            Thread[http-nio-9099-exec-9,5,main]
            Thread[http-nio-9099-exec-10,5,main]
            Thread[http-nio-9099-ClientPoller,5,main]
            Thread[http-nio-9099-Acceptor,5,main]
            Thread[task-2,5,main]
            Thread[pool-1-thread-1,5,main]
            Thread[Q2-1710c0e8-57a6-4b18-bd04-994dd5221378,5,main]
            Thread[FileSystemWatchService,5,main]
            Thread[Timer-0,5,main]
            Thread[Thread-4,5,main]
            Thread[SystemMonitor,5,main]
            Thread[DestroyJavaVM,5,main]
            Thread[ISOServer-ThreadPool.PooledThread-0,5,ISOServer-ThreadPool-0]
            Thread[Common-Cleaner,8,InnocuousThreadGroup]
            Thread[RMI TCP Connection(4)-192.168.137.1,5,RMI Runtime]
            Thread[RMI TCP Connection(idle),5,RMI Runtime]
            Thread[RMI TCP Connection(idle),5,RMI Runtime]
    name-registrar:
      tspace:default: org.jpos.space.TSpace
         key-count: 0
            gcinfo: 0,0
      tspace:txnmgr: org.jpos.space.TSpace
         key-count: 0
            gcinfo: 0,0
      ISOServer: org.jpos.q2.iso.QServer
      Q2: org.jpos.q2.Q2
      server.ISOServer: org.jpos.iso.ISOServer
        connected=0, rx=0, tx=0, last=0
      logger.Q2: org.jpos.util.Logger
      transient:default: org.jpos.space.TSpace
         key-count: 0
            gcinfo: 0,0
      logger.Q2.buffered: org.jpos.util.BufferedLogListener
  </info>
</log>
<log realm="ISOServer.server.session/127.0.0.1:56400" at="2020-10-15T14:30:10.149427500">
  <session-start/>
</log>
<log realm="channel/127.0.0.1:56400" at="2020-10-15T14:30:10.151450800" lifespan="2ms">
  <receive>
    <isomsg direction="incoming">
      <!-- com.nelson.rokel.packager.TransportPackager -->
      <field id="0" value="1420"/>
      <field id="2" value="4241081818188724"/>
      <field id="3" value="010000"/>
      <field id="4" value="000003000000"/>
      <field id="7" value="1015023010"/>
      <field id="11" value="090901"/>
      <field id="35" value="4241081818188724=22092261744609400000"/>
      <field id="37" value="251015240920"/>
      <field id="41" value="22838680"/>
      <field id="42" value="627348000000006"/>
      <field id="49" value="404"/>
    </isomsg>
  </receive>
</log>
<log realm="channel/127.0.0.1:56400" at="2020-10-15T14:30:10.153427500">
  <send>
    <isomsg direction="outgoing">
      <!-- com.nelson.rokel.packager.TransportPackager -->
      <field id="0" value="1430"/>
      <field id="2" value="4241081818188724"/>
      <field id="3" value="010000"/>
      <field id="4" value="000003000000"/>
      <field id="7" value="1015023010"/>
      <field id="11" value="090901"/>
      <field id="35" value="4241081818188724=22092261744609400000"/>
      <field id="37" value="251015240920"/>
      <field id="39" value="00"/>
      <field id="41" value="22838680"/>
      <field id="42" value="627348000000006"/>
      <field id="49" value="404"/>
    </isomsg>
  </send>
</log>
<log realm="channel/127.0.0.1:56400" at="2020-10-15T14:30:10.155423400">
  <receive>
    <peer-disconnect/>
  </receive>
</log>
<log realm="ISOServer.server.session/127.0.0.1:56400" at="2020-10-15T14:30:10.156424">
  <session-end/>
</log>
<?xml version="1.0" encoding="UTF-8"?>
<logger class="org.jpos.util.DailyLogListener">
<log realm="Q2.system" at="2020-10-15T14:35:13.927558">
  <info>
    Q2 started, deployDir=C:\Users\user\Desktop\multiprojectModuler\config\jpos
  </info>
</log>
<log realm="Q2.system" at="2020-10-15T14:35:14.190506100" lifespan="258ms">
  <version>
    jPOS 2.1.2 master/6f9379a (2018-09-19 16:33:22 ART) 

-----BEGIN PGP SIGNED MESSAGE-----
Hash: SHA1

jPOS Community Edition, licensed under GNU AGPL v3.0.
This software is probably not suitable for commercial use.
Please see http://jpos.org/license for details.

-----BEGIN PGP SIGNATURE-----
Version: GnuPG v1.4.9 (Darwin)

iQEcBAEBAgAGBQJMolHDAAoJEOQyeO71nYtFv74H/3OgehDGEy1VXp2U3/GcAobg
HH2eZjPUz53r38ARPiU3pzm9LwDa3WZgJJaa/b9VrJwKvbPwe9+0kY3gScDE1skT
ladHt+KHHmGQArEutkzHlpZa73RbroFEIa1qmN6MaDEHGoxZqDh0Sv2cpvOaVYGO
St8ZaddLBPC17bSjAPWo9sWbvL7FgPFOHhnPmbeux8SLtnfWxXWsgo5hLBanKmO1
1z+I/w/6DL6ZYZU6bAJUk+eyVVImJqw0x3IEElI07Nh9MC6BA4iJ77ejobj8HI2r
q9ulRPEqH9NR79619lNKVUkE206dVlXo7xHmJS1QZy5v/GT66xBxyDVfTduPFXk=
=oP+v
-----END PGP SIGNATURE-----

  </version>
</log>
<log realm="Q2.system" at="2020-10-15T14:35:14.197512900" lifespan="5ms">
  <info>
    deploy: C:\Users\user\Desktop\multiprojectModuler\config\jpos\05_server.xml
  </info>
</log>
<log realm="org.jpos.transaction.TransactionManager" at="2020-10-15T14:35:14.208506700">
  <warn>
    init
    <exception name="com/sleepycat/je/EnvironmentConfig">
    java.lang.NoClassDefFoundError: com/sleepycat/je/EnvironmentConfig
	at org.jpos.space.JESpace.<init>(JESpace.java:75)
	at org.jpos.space.JESpace.getSpace(JESpace.java:328)
	at org.jpos.space.JESpace.getSpace(JESpace.java:334)
	at org.jpos.space.SpaceFactory.createSpace(SpaceFactory.java:143)
	at org.jpos.space.SpaceFactory.getSpace(SpaceFactory.java:117)
	at org.jpos.space.SpaceFactory.getSpace(SpaceFactory.java:105)
	at org.jpos.transaction.TransactionManager.initService(TransactionManager.java:112)
	at org.jpos.q2.QBeanSupport.init(QBeanSupport.java:119)
	at java.base/jdk.internal.reflect.NativeMethodAccessorImpl.invoke0(Native Method)
	at java.base/jdk.internal.reflect.NativeMethodAccessorImpl.invoke(NativeMethodAccessorImpl.java:62)
	at java.base/jdk.internal.reflect.DelegatingMethodAccessorImpl.invoke(DelegatingMethodAccessorImpl.java:43)
	at java.base/java.lang.reflect.Method.invoke(Method.java:566)
	at sun.reflect.misc.Trampoline.invoke(MethodUtil.java:71)
	at jdk.internal.reflect.GeneratedMethodAccessor48.invoke(Unknown Source)
	at java.base/jdk.internal.reflect.DelegatingMethodAccessorImpl.invoke(DelegatingMethodAccessorImpl.java:43)
	at java.base/java.lang.reflect.Method.invoke(Method.java:566)
	at java.base/sun.reflect.misc.MethodUtil.invoke(MethodUtil.java:260)
	at java.management/com.sun.jmx.mbeanserver.StandardMBeanIntrospector.invokeM2(StandardMBeanIntrospector.java:112)
	at java.management/com.sun.jmx.mbeanserver.StandardMBeanIntrospector.invokeM2(StandardMBeanIntrospector.java:46)
	at java.management/com.sun.jmx.mbeanserver.MBeanIntrospector.invokeM(MBeanIntrospector.java:237)
	at java.management/com.sun.jmx.mbeanserver.PerInterface.invoke(PerInterface.java:138)
	at java.management/com.sun.jmx.mbeanserver.MBeanSupport.invoke(MBeanSupport.java:252)
	at java.management/com.sun.jmx.interceptor.DefaultMBeanServerInterceptor.invoke(DefaultMBeanServerInterceptor.java:809)
	at java.management/com.sun.jmx.mbeanserver.JmxMBeanServer.invoke(JmxMBeanServer.java:801)
	at org.jpos.q2.QFactory.createQBean(QFactory.java:121)
	at org.jpos.q2.Q2.deploy(Q2.java:581)
	at org.jpos.q2.Q2.deploy(Q2.java:391)
	at org.jpos.q2.Q2.run(Q2.java:259)
	at java.base/java.lang.Thread.run(Thread.java:834)
Caused by: java.lang.ClassNotFoundException: com.sleepycat.je.EnvironmentConfig
	at java.base/jdk.internal.loader.BuiltinClassLoader.loadClass(BuiltinClassLoader.java:581)
	at java.base/jdk.internal.loader.ClassLoaders$AppClassLoader.loadClass(ClassLoaders.java:178)
	at java.base/java.lang.ClassLoader.loadClass(ClassLoader.java:521)
	... 29 more
    </exception>
  </warn>
</log>
<log realm="Q2.system" at="2020-10-15T14:35:14.209506900" lifespan="11ms">
  <info>
    deploy: C:\Users\user\Desktop\multiprojectModuler\config\jpos\30_txn_mgr.xml
  </info>
</log>
<log realm="Q2.system" at="2020-10-15T14:35:14.212507600" lifespan="2ms">
  <info>
    deploy: C:\Users\user\Desktop\multiprojectModuler\config\jpos\99_sysmon.xml
  </info>
</log>
<log realm="org.jpos.q2.qbean.SystemMonitor" at="2020-10-15T14:35:14.238508600">
  <info>
    Starting SystemMonitor
  </info>
</log>
<log realm="ISOServer.server" at="2020-10-15T14:35:14.239510100" lifespan="1ms">
  <iso-server>
    listening on port 9045
  </iso-server>
</log>
<log realm="org.jpos.q2.qbean.SystemMonitor" at="2020-10-15T14:35:14.239510100">
  <info>
               OS: Windows 10 (10.0)
             Java: 11.0.8 (Oracle Corporation) AES-secure
     process name: 12224@DESKTOP-4DN7F97
        user name: user
             host: DESKTOP-4DN7F97/192.168.137.1
              cwd: C:\Users\user\Desktop\multiprojectModuler
       free space: 162.9 GiB
          version: 2.1.2 (6f9379a)
         instance: a5aeae44-0ad0-4dca-ba61-dc9e9cd45e06
           uptime: 00:00:00.369 (-1.000000)
       processors: 8
           drift : 0
    memory(t/u/f): 308/57/250
         encoding: UTF-8
         timezone: Africa/Nairobi (Eastern Africa Time) +03:00
    watch service: sun.nio.fs.WindowsWatchService
            clock: 1602761714 2020-10-15T11:35:14.241509900Z
     thread count: 38
     peak threads: 38
     user threads: 29
            Thread[Reference Handler,10,system]
            Thread[Finalizer,8,system]
            Thread[Signal Dispatcher,9,system]
            Thread[Attach Listener,5,system]
            Thread[RMI TCP Accept-0,5,system]
            Thread[RMI Scheduler(0),5,system]
            Thread[main,5,main]
            Thread[Monitor Ctrl-Break,5,main]
            Thread[HikariPool-1 housekeeper,5,main]
            Thread[Catalina-utility-1,1,main]
            Thread[Catalina-utility-2,1,main]
            Thread[container-0,5,main]
            Thread[task-1,5,main]
            Thread[HikariPool-1 connection adder,5,main]
            Thread[http-nio-9099-BlockPoller,5,main]
            Thread[http-nio-9099-exec-1,5,main]
            Thread[http-nio-9099-exec-2,5,main]
            Thread[http-nio-9099-exec-3,5,main]
            Thread[http-nio-9099-exec-4,5,main]
            Thread[http-nio-9099-exec-5,5,main]
            Thread[http-nio-9099-exec-6,5,main]
            Thread[http-nio-9099-exec-7,5,main]
            Thread[http-nio-9099-exec-8,5,main]
            Thread[http-nio-9099-exec-9,5,main]
            Thread[http-nio-9099-exec-10,5,main]
            Thread[http-nio-9099-ClientPoller,5,main]
            Thread[http-nio-9099-Acceptor,5,main]
            Thread[task-2,5,main]
            Thread[pool-1-thread-1,5,main]
            Thread[Q2-a5aeae44-0ad0-4dca-ba61-dc9e9cd45e06,5,main]
            Thread[FileSystemWatchService,5,main]
            Thread[Timer-0,5,main]
            Thread[Thread-4,5,main]
            Thread[SystemMonitor,5,main]
            Thread[ISOServer-ThreadPool.PooledThread-0,5,ISOServer-ThreadPool-0]
            Thread[Common-Cleaner,8,InnocuousThreadGroup]
            Thread[RMI TCP Connection(1)-192.168.137.1,5,RMI Runtime]
            Thread[RMI TCP Connection(2)-192.168.137.1,5,RMI Runtime]
    name-registrar:
      tspace:default: org.jpos.space.TSpace
         key-count: 0
            gcinfo: 0,0
      tspace:txnmgr: org.jpos.space.TSpace
         key-count: 0
            gcinfo: 0,0
      ISOServer: org.jpos.q2.iso.QServer
      Q2: org.jpos.q2.Q2
      server.ISOServer: org.jpos.iso.ISOServer
        connected=0, rx=0, tx=0, last=0
      logger.Q2: org.jpos.util.Logger
      transient:default: org.jpos.space.TSpace
         key-count: 0
            gcinfo: 0,0
      logger.Q2.buffered: org.jpos.util.BufferedLogListener
  </info>
</log>
<log realm="ISOServer.server.session/127.0.0.1:57028" at="2020-10-15T14:36:20.804804200">
  <session-start/>
</log>
<log realm="channel/127.0.0.1:57028" at="2020-10-15T14:36:20.806804600" lifespan="2ms">
  <receive>
    <isomsg direction="incoming">
      <!-- com.nelson.rokel.packager.TransportPackager -->
      <field id="0" value="1420"/>
      <field id="2" value="4241081818188724"/>
      <field id="3" value="010000"/>
      <field id="4" value="000003000000"/>
      <field id="7" value="1015023620"/>
      <field id="11" value="000005"/>
      <field id="35" value="4241081818188724=22092261744609400000"/>
      <field id="37" value="251015240920"/>
      <field id="41" value="22838680"/>
      <field id="42" value="627348000000006"/>
      <field id="49" value="404"/>
    </isomsg>
  </receive>
</log>
<log realm="channel/127.0.0.1:57028" at="2020-10-15T14:36:20.809803800">
  <send>
    <isomsg direction="outgoing">
      <!-- com.nelson.rokel.packager.TransportPackager -->
      <field id="0" value="1430"/>
      <field id="2" value="4241081818188724"/>
      <field id="3" value="010000"/>
      <field id="4" value="000003000000"/>
      <field id="7" value="1015023620"/>
      <field id="11" value="000005"/>
      <field id="35" value="4241081818188724=22092261744609400000"/>
      <field id="37" value="251015240920"/>
      <field id="39" value="00"/>
      <field id="41" value="22838680"/>
      <field id="42" value="627348000000006"/>
      <field id="49" value="404"/>
    </isomsg>
  </send>
</log>
<log realm="channel/127.0.0.1:57028" at="2020-10-15T14:36:20.810805900" lifespan="1ms">
  <receive>
    <peer-disconnect/>
  </receive>
</log>
<log realm="ISOServer.server.session/127.0.0.1:57028" at="2020-10-15T14:36:20.811803500">
  <session-end/>
</log>
<log realm="ISOServer.server.session/127.0.0.1:62783" at="2020-10-15T15:30:47.389949600" lifespan="1ms">
  <session-start/>
</log>
<log realm="channel/127.0.0.1:62783" at="2020-10-15T15:30:47.395948800" lifespan="1ms">
  <receive>
    <isomsg direction="incoming">
      <!-- com.nelson.rokel.packager.TransportPackager -->
      <field id="0" value="1420"/>
      <field id="2" value="4241081818188724"/>
      <field id="3" value="010000"/>
      <field id="4" value="000003000000"/>
      <field id="7" value="1015033047"/>
      <field id="11" value="000005"/>
      <field id="35" value="4241081818188724=22092261744609400000"/>
      <field id="37" value="251015240920"/>
      <field id="41" value="22838680"/>
      <field id="42" value="627348000000006"/>
      <field id="49" value="404"/>
    </isomsg>
  </receive>
</log>
<log realm="channel/127.0.0.1:62783" at="2020-10-15T15:30:47.414948800">
  <send>
    <isomsg direction="outgoing">
      <!-- com.nelson.rokel.packager.TransportPackager -->
      <field id="0" value="1430"/>
      <field id="2" value="4241081818188724"/>
      <field id="3" value="010000"/>
      <field id="4" value="000003000000"/>
      <field id="7" value="1015033047"/>
      <field id="11" value="000005"/>
      <field id="35" value="4241081818188724=22092261744609400000"/>
      <field id="37" value="251015240920"/>
      <field id="39" value="00"/>
      <field id="41" value="22838680"/>
      <field id="42" value="627348000000006"/>
      <field id="49" value="404"/>
    </isomsg>
  </send>
</log>
<log realm="channel/127.0.0.1:62783" at="2020-10-15T15:30:47.416951500" lifespan="1ms">
  <receive>
    <peer-disconnect/>
  </receive>
</log>
<log realm="ISOServer.server.session/127.0.0.1:62783" at="2020-10-15T15:30:47.417950300">
  <session-end/>
</log>
<log realm="Q2.system" at="2020-10-15T15:35:17.074339" lifespan="833ms">
  <version>
    jPOS 2.1.2 master/6f9379a (2018-09-19 16:33:22 ART) 

-----BEGIN PGP SIGNED MESSAGE-----
Hash: SHA1

jPOS Community Edition, licensed under GNU AGPL v3.0.
This software is probably not suitable for commercial use.
Please see http://jpos.org/license for details.

-----BEGIN PGP SIGNATURE-----
Version: GnuPG v1.4.9 (Darwin)

iQEcBAEBAgAGBQJMolHDAAoJEOQyeO71nYtFv74H/3OgehDGEy1VXp2U3/GcAobg
HH2eZjPUz53r38ARPiU3pzm9LwDa3WZgJJaa/b9VrJwKvbPwe9+0kY3gScDE1skT
ladHt+KHHmGQArEutkzHlpZa73RbroFEIa1qmN6MaDEHGoxZqDh0Sv2cpvOaVYGO
St8ZaddLBPC17bSjAPWo9sWbvL7FgPFOHhnPmbeux8SLtnfWxXWsgo5hLBanKmO1
1z+I/w/6DL6ZYZU6bAJUk+eyVVImJqw0x3IEElI07Nh9MC6BA4iJ77ejobj8HI2r
q9ulRPEqH9NR79619lNKVUkE206dVlXo7xHmJS1QZy5v/GT66xBxyDVfTduPFXk=
=oP+v
-----END PGP SIGNATURE-----

  </version>
</log>
<log realm="Q2.system" at="2020-10-15T16:35:17.810336400" lifespan="16ms">
  <version>
    jPOS 2.1.2 master/6f9379a (2018-09-19 16:33:22 ART) 

-----BEGIN PGP SIGNED MESSAGE-----
Hash: SHA1

jPOS Community Edition, licensed under GNU AGPL v3.0.
This software is probably not suitable for commercial use.
Please see http://jpos.org/license for details.

-----BEGIN PGP SIGNATURE-----
Version: GnuPG v1.4.9 (Darwin)

iQEcBAEBAgAGBQJMolHDAAoJEOQyeO71nYtFv74H/3OgehDGEy1VXp2U3/GcAobg
HH2eZjPUz53r38ARPiU3pzm9LwDa3WZgJJaa/b9VrJwKvbPwe9+0kY3gScDE1skT
ladHt+KHHmGQArEutkzHlpZa73RbroFEIa1qmN6MaDEHGoxZqDh0Sv2cpvOaVYGO
St8ZaddLBPC17bSjAPWo9sWbvL7FgPFOHhnPmbeux8SLtnfWxXWsgo5hLBanKmO1
1z+I/w/6DL6ZYZU6bAJUk+eyVVImJqw0x3IEElI07Nh9MC6BA4iJ77ejobj8HI2r
q9ulRPEqH9NR79619lNKVUkE206dVlXo7xHmJS1QZy5v/GT66xBxyDVfTduPFXk=
=oP+v
-----END PGP SIGNATURE-----

  </version>
</log>
<log realm="ISOServer.server.session/127.0.0.1:56383" at="2020-10-15T16:49:24.101720300">
  <session-start/>
</log>
<log realm="channel/127.0.0.1:56383" at="2020-10-15T16:49:24.103720800" lifespan="1ms">
  <receive>
    <isomsg direction="incoming">
      <!-- com.nelson.rokel.packager.TransportPackager -->
      <field id="0" value="1420"/>
      <field id="2" value="4241081818188724"/>
      <field id="3" value="010000"/>
      <field id="4" value="000003000000"/>
      <field id="7" value="1015044923"/>
      <field id="11" value="000005"/>
      <field id="35" value="4241081818188724=22092261744609400000"/>
      <field id="37" value="251015240920"/>
      <field id="41" value="22838680"/>
      <field id="42" value="627348000000006"/>
      <field id="49" value="404"/>
    </isomsg>
  </receive>
</log>
<log realm="channel/127.0.0.1:56383" at="2020-10-15T16:49:24.107724800">
  <send>
    <isomsg direction="outgoing">
      <!-- com.nelson.rokel.packager.TransportPackager -->
      <field id="0" value="1430"/>
      <field id="2" value="4241081818188724"/>
      <field id="3" value="010000"/>
      <field id="4" value="000003000000"/>
      <field id="7" value="1015044923"/>
      <field id="11" value="000005"/>
      <field id="35" value="4241081818188724=22092261744609400000"/>
      <field id="37" value="251015240920"/>
      <field id="39" value="00"/>
      <field id="41" value="22838680"/>
      <field id="42" value="627348000000006"/>
      <field id="49" value="404"/>
    </isomsg>
  </send>
</log>
<log realm="channel/127.0.0.1:56383" at="2020-10-15T16:49:24.261741900" lifespan="153ms">
  <receive>
    <peer-disconnect/>
  </receive>
</log>
<log realm="ISOServer.server.session/127.0.0.1:56383" at="2020-10-15T16:49:24.261741900">
  <session-end/>
</log>
<log realm="Q2.system" at="2020-10-15T17:35:20.045129300" lifespan="27ms">
  <version>
    jPOS 2.1.2 master/6f9379a (2018-09-19 16:33:22 ART) 

-----BEGIN PGP SIGNED MESSAGE-----
Hash: SHA1

jPOS Community Edition, licensed under GNU AGPL v3.0.
This software is probably not suitable for commercial use.
Please see http://jpos.org/license for details.

-----BEGIN PGP SIGNATURE-----
Version: GnuPG v1.4.9 (Darwin)

iQEcBAEBAgAGBQJMolHDAAoJEOQyeO71nYtFv74H/3OgehDGEy1VXp2U3/GcAobg
HH2eZjPUz53r38ARPiU3pzm9LwDa3WZgJJaa/b9VrJwKvbPwe9+0kY3gScDE1skT
ladHt+KHHmGQArEutkzHlpZa73RbroFEIa1qmN6MaDEHGoxZqDh0Sv2cpvOaVYGO
St8ZaddLBPC17bSjAPWo9sWbvL7FgPFOHhnPmbeux8SLtnfWxXWsgo5hLBanKmO1
1z+I/w/6DL6ZYZU6bAJUk+eyVVImJqw0x3IEElI07Nh9MC6BA4iJ77ejobj8HI2r
q9ulRPEqH9NR79619lNKVUkE206dVlXo7xHmJS1QZy5v/GT66xBxyDVfTduPFXk=
=oP+v
-----END PGP SIGNATURE-----

  </version>
</log>
<log realm="Q2.system" at="2020-10-15T18:35:22.125080800" lifespan="678ms">
  <version>
    jPOS 2.1.2 master/6f9379a (2018-09-19 16:33:22 ART) 

-----BEGIN PGP SIGNED MESSAGE-----
Hash: SHA1

jPOS Community Edition, licensed under GNU AGPL v3.0.
This software is probably not suitable for commercial use.
Please see http://jpos.org/license for details.

-----BEGIN PGP SIGNATURE-----
Version: GnuPG v1.4.9 (Darwin)

iQEcBAEBAgAGBQJMolHDAAoJEOQyeO71nYtFv74H/3OgehDGEy1VXp2U3/GcAobg
HH2eZjPUz53r38ARPiU3pzm9LwDa3WZgJJaa/b9VrJwKvbPwe9+0kY3gScDE1skT
ladHt+KHHmGQArEutkzHlpZa73RbroFEIa1qmN6MaDEHGoxZqDh0Sv2cpvOaVYGO
St8ZaddLBPC17bSjAPWo9sWbvL7FgPFOHhnPmbeux8SLtnfWxXWsgo5hLBanKmO1
1z+I/w/6DL6ZYZU6bAJUk+eyVVImJqw0x3IEElI07Nh9MC6BA4iJ77ejobj8HI2r
q9ulRPEqH9NR79619lNKVUkE206dVlXo7xHmJS1QZy5v/GT66xBxyDVfTduPFXk=
=oP+v
-----END PGP SIGNATURE-----

  </version>
</log>
<log realm="Q2.system" at="2020-10-15T20:20:29.997694600" lifespan="3123ms">
  <version>
    jPOS 2.1.2 master/6f9379a (2018-09-19 16:33:22 ART) 

-----BEGIN PGP SIGNED MESSAGE-----
Hash: SHA1

jPOS Community Edition, licensed under GNU AGPL v3.0.
This software is probably not suitable for commercial use.
Please see http://jpos.org/license for details.

-----BEGIN PGP SIGNATURE-----
Version: GnuPG v1.4.9 (Darwin)

iQEcBAEBAgAGBQJMolHDAAoJEOQyeO71nYtFv74H/3OgehDGEy1VXp2U3/GcAobg
HH2eZjPUz53r38ARPiU3pzm9LwDa3WZgJJaa/b9VrJwKvbPwe9+0kY3gScDE1skT
ladHt+KHHmGQArEutkzHlpZa73RbroFEIa1qmN6MaDEHGoxZqDh0Sv2cpvOaVYGO
St8ZaddLBPC17bSjAPWo9sWbvL7FgPFOHhnPmbeux8SLtnfWxXWsgo5hLBanKmO1
1z+I/w/6DL6ZYZU6bAJUk+eyVVImJqw0x3IEElI07Nh9MC6BA4iJ77ejobj8HI2r
q9ulRPEqH9NR79619lNKVUkE206dVlXo7xHmJS1QZy5v/GT66xBxyDVfTduPFXk=
=oP+v
-----END PGP SIGNATURE-----

  </version>
</log>
<log realm="Q2.system" at="2020-10-15T21:20:28.351564" lifespan="11ms">
  <version>
    jPOS 2.1.2 master/6f9379a (2018-09-19 16:33:22 ART) 

-----BEGIN PGP SIGNED MESSAGE-----
Hash: SHA1

jPOS Community Edition, licensed under GNU AGPL v3.0.
This software is probably not suitable for commercial use.
Please see http://jpos.org/license for details.

-----BEGIN PGP SIGNATURE-----
Version: GnuPG v1.4.9 (Darwin)

iQEcBAEBAgAGBQJMolHDAAoJEOQyeO71nYtFv74H/3OgehDGEy1VXp2U3/GcAobg
HH2eZjPUz53r38ARPiU3pzm9LwDa3WZgJJaa/b9VrJwKvbPwe9+0kY3gScDE1skT
ladHt+KHHmGQArEutkzHlpZa73RbroFEIa1qmN6MaDEHGoxZqDh0Sv2cpvOaVYGO
St8ZaddLBPC17bSjAPWo9sWbvL7FgPFOHhnPmbeux8SLtnfWxXWsgo5hLBanKmO1
1z+I/w/6DL6ZYZU6bAJUk+eyVVImJqw0x3IEElI07Nh9MC6BA4iJ77ejobj8HI2r
q9ulRPEqH9NR79619lNKVUkE206dVlXo7xHmJS1QZy5v/GT66xBxyDVfTduPFXk=
=oP+v
-----END PGP SIGNATURE-----

  </version>
</log>
<log realm="Q2.system" at="2020-10-15T22:20:28.919704100" lifespan="36ms">
  <version>
    jPOS 2.1.2 master/6f9379a (2018-09-19 16:33:22 ART) 

-----BEGIN PGP SIGNED MESSAGE-----
Hash: SHA1

jPOS Community Edition, licensed under GNU AGPL v3.0.
This software is probably not suitable for commercial use.
Please see http://jpos.org/license for details.

-----BEGIN PGP SIGNATURE-----
Version: GnuPG v1.4.9 (Darwin)

iQEcBAEBAgAGBQJMolHDAAoJEOQyeO71nYtFv74H/3OgehDGEy1VXp2U3/GcAobg
HH2eZjPUz53r38ARPiU3pzm9LwDa3WZgJJaa/b9VrJwKvbPwe9+0kY3gScDE1skT
ladHt+KHHmGQArEutkzHlpZa73RbroFEIa1qmN6MaDEHGoxZqDh0Sv2cpvOaVYGO
St8ZaddLBPC17bSjAPWo9sWbvL7FgPFOHhnPmbeux8SLtnfWxXWsgo5hLBanKmO1
1z+I/w/6DL6ZYZU6bAJUk+eyVVImJqw0x3IEElI07Nh9MC6BA4iJ77ejobj8HI2r
q9ulRPEqH9NR79619lNKVUkE206dVlXo7xHmJS1QZy5v/GT66xBxyDVfTduPFXk=
=oP+v
-----END PGP SIGNATURE-----

  </version>
</log>
<log realm="Q2.system" at="2020-10-15T23:20:30.391154200" lifespan="6ms">
  <version>
    jPOS 2.1.2 master/6f9379a (2018-09-19 16:33:22 ART) 

-----BEGIN PGP SIGNED MESSAGE-----
Hash: SHA1

jPOS Community Edition, licensed under GNU AGPL v3.0.
This software is probably not suitable for commercial use.
Please see http://jpos.org/license for details.

-----BEGIN PGP SIGNATURE-----
Version: GnuPG v1.4.9 (Darwin)

iQEcBAEBAgAGBQJMolHDAAoJEOQyeO71nYtFv74H/3OgehDGEy1VXp2U3/GcAobg
HH2eZjPUz53r38ARPiU3pzm9LwDa3WZgJJaa/b9VrJwKvbPwe9+0kY3gScDE1skT
ladHt+KHHmGQArEutkzHlpZa73RbroFEIa1qmN6MaDEHGoxZqDh0Sv2cpvOaVYGO
St8ZaddLBPC17bSjAPWo9sWbvL7FgPFOHhnPmbeux8SLtnfWxXWsgo5hLBanKmO1
1z+I/w/6DL6ZYZU6bAJUk+eyVVImJqw0x3IEElI07Nh9MC6BA4iJ77ejobj8HI2r
q9ulRPEqH9NR79619lNKVUkE206dVlXo7xHmJS1QZy5v/GT66xBxyDVfTduPFXk=
=oP+v
-----END PGP SIGNATURE-----

  </version>
</log>
<log realm="Q2.system" at="2020-10-16T00:20:32.013183700" lifespan="39ms">
  <version>
    jPOS 2.1.2 master/6f9379a (2018-09-19 16:33:22 ART) 

-----BEGIN PGP SIGNED MESSAGE-----
Hash: SHA1

jPOS Community Edition, licensed under GNU AGPL v3.0.
This software is probably not suitable for commercial use.
Please see http://jpos.org/license for details.

-----BEGIN PGP SIGNATURE-----
Version: GnuPG v1.4.9 (Darwin)

iQEcBAEBAgAGBQJMolHDAAoJEOQyeO71nYtFv74H/3OgehDGEy1VXp2U3/GcAobg
HH2eZjPUz53r38ARPiU3pzm9LwDa3WZgJJaa/b9VrJwKvbPwe9+0kY3gScDE1skT
ladHt+KHHmGQArEutkzHlpZa73RbroFEIa1qmN6MaDEHGoxZqDh0Sv2cpvOaVYGO
St8ZaddLBPC17bSjAPWo9sWbvL7FgPFOHhnPmbeux8SLtnfWxXWsgo5hLBanKmO1
1z+I/w/6DL6ZYZU6bAJUk+eyVVImJqw0x3IEElI07Nh9MC6BA4iJ77ejobj8HI2r
q9ulRPEqH9NR79619lNKVUkE206dVlXo7xHmJS1QZy5v/GT66xBxyDVfTduPFXk=
=oP+v
-----END PGP SIGNATURE-----

  </version>
</log>
<log realm="rotate-log-listener" at="Fri Oct 16 01:17:53 EAT 2020">
   time exceeded - log rotated
</log>
</logger>
