<?xml version="1.0" encoding="UTF-8"?>
<logger class="org.jpos.util.DailyLogListener">
<log realm="rotate-log-listener" at="Mon Oct 19 05:10:31 EAT 2020">
   maxage feature is disabled.
</log>
<log realm="Q2.system" at="2020-10-19T05:16:25.287948300" lifespan="3ms">
  <version>
    jPOS 2.1.2 master/6f9379a (2018-09-19 16:33:22 ART) 

-----BEGIN PGP SIGNED MESSAGE-----
Hash: SHA1

jPOS Community Edition, licensed under GNU AGPL v3.0.
This software is probably not suitable for commercial use.
Please see http://jpos.org/license for details.

-----BEGIN PGP SIGNATURE-----
Version: GnuPG v1.4.9 (Darwin)

iQEcBAEBAgAGBQJMolHDAAoJEOQyeO71nYtFv74H/3OgehDGEy1VXp2U3/GcAobg
HH2eZjPUz53r38ARPiU3pzm9LwDa3WZgJJaa/b9VrJwKvbPwe9+0kY3gScDE1skT
ladHt+KHHmGQArEutkzHlpZa73RbroFEIa1qmN6MaDEHGoxZqDh0Sv2cpvOaVYGO
St8ZaddLBPC17bSjAPWo9sWbvL7FgPFOHhnPmbeux8SLtnfWxXWsgo5hLBanKmO1
1z+I/w/6DL6ZYZU6bAJUk+eyVVImJqw0x3IEElI07Nh9MC6BA4iJ77ejobj8HI2r
q9ulRPEqH9NR79619lNKVUkE206dVlXo7xHmJS1QZy5v/GT66xBxyDVfTduPFXk=
=oP+v
-----END PGP SIGNATURE-----

  </version>
</log>
<log realm="Q2.system" at="2020-10-19T06:16:27.340459800" lifespan="1ms">
  <version>
    jPOS 2.1.2 master/6f9379a (2018-09-19 16:33:22 ART) 

-----BEGIN PGP SIGNED MESSAGE-----
Hash: SHA1

jPOS Community Edition, licensed under GNU AGPL v3.0.
This software is probably not suitable for commercial use.
Please see http://jpos.org/license for details.

-----BEGIN PGP SIGNATURE-----
Version: GnuPG v1.4.9 (Darwin)

iQEcBAEBAgAGBQJMolHDAAoJEOQyeO71nYtFv74H/3OgehDGEy1VXp2U3/GcAobg
HH2eZjPUz53r38ARPiU3pzm9LwDa3WZgJJaa/b9VrJwKvbPwe9+0kY3gScDE1skT
ladHt+KHHmGQArEutkzHlpZa73RbroFEIa1qmN6MaDEHGoxZqDh0Sv2cpvOaVYGO
St8ZaddLBPC17bSjAPWo9sWbvL7FgPFOHhnPmbeux8SLtnfWxXWsgo5hLBanKmO1
1z+I/w/6DL6ZYZU6bAJUk+eyVVImJqw0x3IEElI07Nh9MC6BA4iJ77ejobj8HI2r
q9ulRPEqH9NR79619lNKVUkE206dVlXo7xHmJS1QZy5v/GT66xBxyDVfTduPFXk=
=oP+v
-----END PGP SIGNATURE-----

  </version>
</log>
<log realm="Q2.system" at="2020-10-19T07:16:29.353444700" lifespan="8ms">
  <version>
    jPOS 2.1.2 master/6f9379a (2018-09-19 16:33:22 ART) 

-----BEGIN PGP SIGNED MESSAGE-----
Hash: SHA1

jPOS Community Edition, licensed under GNU AGPL v3.0.
This software is probably not suitable for commercial use.
Please see http://jpos.org/license for details.

-----BEGIN PGP SIGNATURE-----
Version: GnuPG v1.4.9 (Darwin)

iQEcBAEBAgAGBQJMolHDAAoJEOQyeO71nYtFv74H/3OgehDGEy1VXp2U3/GcAobg
HH2eZjPUz53r38ARPiU3pzm9LwDa3WZgJJaa/b9VrJwKvbPwe9+0kY3gScDE1skT
ladHt+KHHmGQArEutkzHlpZa73RbroFEIa1qmN6MaDEHGoxZqDh0Sv2cpvOaVYGO
St8ZaddLBPC17bSjAPWo9sWbvL7FgPFOHhnPmbeux8SLtnfWxXWsgo5hLBanKmO1
1z+I/w/6DL6ZYZU6bAJUk+eyVVImJqw0x3IEElI07Nh9MC6BA4iJ77ejobj8HI2r
q9ulRPEqH9NR79619lNKVUkE206dVlXo7xHmJS1QZy5v/GT66xBxyDVfTduPFXk=
=oP+v
-----END PGP SIGNATURE-----

  </version>
</log>
<log realm="org.jpos.q2.qbean.SystemMonitor" at="2020-10-19T07:25:52.308519200">
  <info>
               OS: Windows 10 (10.0)
             Java: 11.0.8 (Oracle Corporation) AES-secure
     process name: 12224@DESKTOP-4DN7F97
        user name: user
             host: DESKTOP-4DN7F97/172.18.2.209
              cwd: C:\Users\user\Desktop\multiprojectModuler
       free space: 161.3 GiB
          version: 2.1.2 (6f9379a)
         instance: a5aeae44-0ad0-4dca-ba61-dc9e9cd45e06
           uptime: 3d 16:50:38.509 (-1.000000)
       processors: 8
           drift : 18631634
    memory(t/u/f): 308/45/262
         encoding: UTF-8
         timezone: Africa/Nairobi (Eastern Africa Time) +03:00
    watch service: sun.nio.fs.WindowsWatchService
            clock: 1603081552 2020-10-19T04:25:52.365007500Z
     thread count: 33
     peak threads: 40
     user threads: 26
            Thread[Reference Handler,10,system]
            Thread[Finalizer,8,system]
            Thread[Signal Dispatcher,9,system]
            Thread[Attach Listener,5,system]
            Thread[RMI TCP Accept-0,5,system]
            Thread[RMI Scheduler(0),5,system]
            Thread[Monitor Ctrl-Break,5,main]
            Thread[HikariPool-1 housekeeper,5,main]
            Thread[Catalina-utility-1,1,main]
            Thread[Catalina-utility-2,1,main]
            Thread[container-0,5,main]
            Thread[http-nio-9099-BlockPoller,5,main]
            Thread[http-nio-9099-exec-1,5,main]
            Thread[http-nio-9099-exec-2,5,main]
            Thread[http-nio-9099-exec-3,5,main]
            Thread[http-nio-9099-exec-4,5,main]
            Thread[http-nio-9099-exec-5,5,main]
            Thread[http-nio-9099-exec-6,5,main]
            Thread[http-nio-9099-exec-7,5,main]
            Thread[http-nio-9099-exec-8,5,main]
            Thread[http-nio-9099-exec-9,5,main]
            Thread[http-nio-9099-exec-10,5,main]
            Thread[http-nio-9099-ClientPoller,5,main]
            Thread[http-nio-9099-Acceptor,5,main]
            Thread[pool-1-thread-1,5,main]
            Thread[Q2-a5aeae44-0ad0-4dca-ba61-dc9e9cd45e06,5,main]
            Thread[FileSystemWatchService,5,main]
            Thread[Timer-0,5,main]
            Thread[Thread-4,5,main]
            Thread[SystemMonitor,5,main]
            Thread[DestroyJavaVM,5,main]
            Thread[ISOServer-ThreadPool.PooledThread-0-idle,5,ISOServer-ThreadPool-0]
            Thread[Common-Cleaner,8,InnocuousThreadGroup]
    name-registrar:
      tspace:default: org.jpos.space.TSpace
         key-count: 0
            gcinfo: 0,0
      tspace:txnmgr: org.jpos.space.TSpace
         key-count: 0
            gcinfo: 0,0
      ISOServer: org.jpos.q2.iso.QServer
      Q2: org.jpos.q2.Q2
      server.ISOServer: org.jpos.iso.ISOServer
        connected=0, rx=0, tx=0, last=1602769764104, idle=311788332ms
      logger.Q2: org.jpos.util.Logger
      transient:default: org.jpos.space.TSpace
         key-count: 0
            gcinfo: 0,0
      logger.Q2.buffered: org.jpos.util.BufferedLogListener
  </info>
</log>
<log realm="Q2.system" at="2020-10-19T09:15:14.550664400" lifespan="3ms">
  <version>
    jPOS 2.1.2 master/6f9379a (2018-09-19 16:33:22 ART) 

-----BEGIN PGP SIGNED MESSAGE-----
Hash: SHA1

jPOS Community Edition, licensed under GNU AGPL v3.0.
This software is probably not suitable for commercial use.
Please see http://jpos.org/license for details.

-----BEGIN PGP SIGNATURE-----
Version: GnuPG v1.4.9 (Darwin)

iQEcBAEBAgAGBQJMolHDAAoJEOQyeO71nYtFv74H/3OgehDGEy1VXp2U3/GcAobg
HH2eZjPUz53r38ARPiU3pzm9LwDa3WZgJJaa/b9VrJwKvbPwe9+0kY3gScDE1skT
ladHt+KHHmGQArEutkzHlpZa73RbroFEIa1qmN6MaDEHGoxZqDh0Sv2cpvOaVYGO
St8ZaddLBPC17bSjAPWo9sWbvL7FgPFOHhnPmbeux8SLtnfWxXWsgo5hLBanKmO1
1z+I/w/6DL6ZYZU6bAJUk+eyVVImJqw0x3IEElI07Nh9MC6BA4iJ77ejobj8HI2r
q9ulRPEqH9NR79619lNKVUkE206dVlXo7xHmJS1QZy5v/GT66xBxyDVfTduPFXk=
=oP+v
-----END PGP SIGNATURE-----

  </version>
</log>
<log realm="Q2.system" at="2020-10-19T10:15:17.154901200" lifespan="424ms">
  <version>
    jPOS 2.1.2 master/6f9379a (2018-09-19 16:33:22 ART) 

-----BEGIN PGP SIGNED MESSAGE-----
Hash: SHA1

jPOS Community Edition, licensed under GNU AGPL v3.0.
This software is probably not suitable for commercial use.
Please see http://jpos.org/license for details.

-----BEGIN PGP SIGNATURE-----
Version: GnuPG v1.4.9 (Darwin)

iQEcBAEBAgAGBQJMolHDAAoJEOQyeO71nYtFv74H/3OgehDGEy1VXp2U3/GcAobg
HH2eZjPUz53r38ARPiU3pzm9LwDa3WZgJJaa/b9VrJwKvbPwe9+0kY3gScDE1skT
ladHt+KHHmGQArEutkzHlpZa73RbroFEIa1qmN6MaDEHGoxZqDh0Sv2cpvOaVYGO
St8ZaddLBPC17bSjAPWo9sWbvL7FgPFOHhnPmbeux8SLtnfWxXWsgo5hLBanKmO1
1z+I/w/6DL6ZYZU6bAJUk+eyVVImJqw0x3IEElI07Nh9MC6BA4iJ77ejobj8HI2r
q9ulRPEqH9NR79619lNKVUkE206dVlXo7xHmJS1QZy5v/GT66xBxyDVfTduPFXk=
=oP+v
-----END PGP SIGNATURE-----

  </version>
</log>
<log realm="Q2.system" at="2020-10-19T11:15:18.731933300" lifespan="25ms">
  <version>
    jPOS 2.1.2 master/6f9379a (2018-09-19 16:33:22 ART) 

-----BEGIN PGP SIGNED MESSAGE-----
Hash: SHA1

jPOS Community Edition, licensed under GNU AGPL v3.0.
This software is probably not suitable for commercial use.
Please see http://jpos.org/license for details.

-----BEGIN PGP SIGNATURE-----
Version: GnuPG v1.4.9 (Darwin)

iQEcBAEBAgAGBQJMolHDAAoJEOQyeO71nYtFv74H/3OgehDGEy1VXp2U3/GcAobg
HH2eZjPUz53r38ARPiU3pzm9LwDa3WZgJJaa/b9VrJwKvbPwe9+0kY3gScDE1skT
ladHt+KHHmGQArEutkzHlpZa73RbroFEIa1qmN6MaDEHGoxZqDh0Sv2cpvOaVYGO
St8ZaddLBPC17bSjAPWo9sWbvL7FgPFOHhnPmbeux8SLtnfWxXWsgo5hLBanKmO1
1z+I/w/6DL6ZYZU6bAJUk+eyVVImJqw0x3IEElI07Nh9MC6BA4iJ77ejobj8HI2r
q9ulRPEqH9NR79619lNKVUkE206dVlXo7xHmJS1QZy5v/GT66xBxyDVfTduPFXk=
=oP+v
-----END PGP SIGNATURE-----

  </version>
</log>
<log realm="Q2.system" at="2020-10-19T12:15:19.819073600" lifespan="8ms">
  <version>
    jPOS 2.1.2 master/6f9379a (2018-09-19 16:33:22 ART) 

-----BEGIN PGP SIGNED MESSAGE-----
Hash: SHA1

jPOS Community Edition, licensed under GNU AGPL v3.0.
This software is probably not suitable for commercial use.
Please see http://jpos.org/license for details.

-----BEGIN PGP SIGNATURE-----
Version: GnuPG v1.4.9 (Darwin)

iQEcBAEBAgAGBQJMolHDAAoJEOQyeO71nYtFv74H/3OgehDGEy1VXp2U3/GcAobg
HH2eZjPUz53r38ARPiU3pzm9LwDa3WZgJJaa/b9VrJwKvbPwe9+0kY3gScDE1skT
ladHt+KHHmGQArEutkzHlpZa73RbroFEIa1qmN6MaDEHGoxZqDh0Sv2cpvOaVYGO
St8ZaddLBPC17bSjAPWo9sWbvL7FgPFOHhnPmbeux8SLtnfWxXWsgo5hLBanKmO1
1z+I/w/6DL6ZYZU6bAJUk+eyVVImJqw0x3IEElI07Nh9MC6BA4iJ77ejobj8HI2r
q9ulRPEqH9NR79619lNKVUkE206dVlXo7xHmJS1QZy5v/GT66xBxyDVfTduPFXk=
=oP+v
-----END PGP SIGNATURE-----

  </version>
</log>
<?xml version="1.0" encoding="UTF-8"?>
<logger class="org.jpos.util.DailyLogListener">
<log realm="Q2.system" at="2020-10-19T12:46:28.583720400">
  <info>
    Q2 started, deployDir=C:\Users\user\Desktop\multiprojectModuler\config\jpos
  </info>
</log>
<log realm="Q2.system" at="2020-10-19T12:46:29.748144500" lifespan="1154ms">
  <version>
    jPOS 2.1.2 master/6f9379a (2018-09-19 16:33:22 ART) 

-----BEGIN PGP SIGNED MESSAGE-----
Hash: SHA1

jPOS Community Edition, licensed under GNU AGPL v3.0.
This software is probably not suitable for commercial use.
Please see http://jpos.org/license for details.

-----BEGIN PGP SIGNATURE-----
Version: GnuPG v1.4.9 (Darwin)

iQEcBAEBAgAGBQJMolHDAAoJEOQyeO71nYtFv74H/3OgehDGEy1VXp2U3/GcAobg
HH2eZjPUz53r38ARPiU3pzm9LwDa3WZgJJaa/b9VrJwKvbPwe9+0kY3gScDE1skT
ladHt+KHHmGQArEutkzHlpZa73RbroFEIa1qmN6MaDEHGoxZqDh0Sv2cpvOaVYGO
St8ZaddLBPC17bSjAPWo9sWbvL7FgPFOHhnPmbeux8SLtnfWxXWsgo5hLBanKmO1
1z+I/w/6DL6ZYZU6bAJUk+eyVVImJqw0x3IEElI07Nh9MC6BA4iJ77ejobj8HI2r
q9ulRPEqH9NR79619lNKVUkE206dVlXo7xHmJS1QZy5v/GT66xBxyDVfTduPFXk=
=oP+v
-----END PGP SIGNATURE-----

  </version>
</log>
<log realm="Q2.system" at="2020-10-19T12:46:29.763179400" lifespan="14ms">
  <info>
    deploy: C:\Users\user\Desktop\multiprojectModuler\config\jpos\05_server.xml
  </info>
</log>
<log realm="org.jpos.transaction.TransactionManager" at="2020-10-19T12:46:29.852182900">
  <warn>
    init
    <exception name="com/sleepycat/je/EnvironmentConfig">
    java.lang.NoClassDefFoundError: com/sleepycat/je/EnvironmentConfig
	at org.jpos.space.JESpace.<init>(JESpace.java:75)
	at org.jpos.space.JESpace.getSpace(JESpace.java:328)
	at org.jpos.space.JESpace.getSpace(JESpace.java:334)
	at org.jpos.space.SpaceFactory.createSpace(SpaceFactory.java:143)
	at org.jpos.space.SpaceFactory.getSpace(SpaceFactory.java:117)
	at org.jpos.space.SpaceFactory.getSpace(SpaceFactory.java:105)
	at org.jpos.transaction.TransactionManager.initService(TransactionManager.java:112)
	at org.jpos.q2.QBeanSupport.init(QBeanSupport.java:119)
	at java.base/jdk.internal.reflect.NativeMethodAccessorImpl.invoke0(Native Method)
	at java.base/jdk.internal.reflect.NativeMethodAccessorImpl.invoke(NativeMethodAccessorImpl.java:62)
	at java.base/jdk.internal.reflect.DelegatingMethodAccessorImpl.invoke(DelegatingMethodAccessorImpl.java:43)
	at java.base/java.lang.reflect.Method.invoke(Method.java:566)
	at sun.reflect.misc.Trampoline.invoke(MethodUtil.java:71)
	at jdk.internal.reflect.GeneratedMethodAccessor54.invoke(Unknown Source)
	at java.base/jdk.internal.reflect.DelegatingMethodAccessorImpl.invoke(DelegatingMethodAccessorImpl.java:43)
	at java.base/java.lang.reflect.Method.invoke(Method.java:566)
	at java.base/sun.reflect.misc.MethodUtil.invoke(MethodUtil.java:260)
	at java.management/com.sun.jmx.mbeanserver.StandardMBeanIntrospector.invokeM2(StandardMBeanIntrospector.java:112)
	at java.management/com.sun.jmx.mbeanserver.StandardMBeanIntrospector.invokeM2(StandardMBeanIntrospector.java:46)
	at java.management/com.sun.jmx.mbeanserver.MBeanIntrospector.invokeM(MBeanIntrospector.java:237)
	at java.management/com.sun.jmx.mbeanserver.PerInterface.invoke(PerInterface.java:138)
	at java.management/com.sun.jmx.mbeanserver.MBeanSupport.invoke(MBeanSupport.java:252)
	at java.management/com.sun.jmx.interceptor.DefaultMBeanServerInterceptor.invoke(DefaultMBeanServerInterceptor.java:809)
	at java.management/com.sun.jmx.mbeanserver.JmxMBeanServer.invoke(JmxMBeanServer.java:801)
	at org.jpos.q2.QFactory.createQBean(QFactory.java:121)
	at org.jpos.q2.Q2.deploy(Q2.java:581)
	at org.jpos.q2.Q2.deploy(Q2.java:391)
	at org.jpos.q2.Q2.run(Q2.java:259)
	at java.base/java.lang.Thread.run(Thread.java:834)
Caused by: java.lang.ClassNotFoundException: com.sleepycat.je.EnvironmentConfig
	at java.base/jdk.internal.loader.BuiltinClassLoader.loadClass(BuiltinClassLoader.java:581)
	at java.base/jdk.internal.loader.ClassLoaders$AppClassLoader.loadClass(ClassLoaders.java:178)
	at java.base/java.lang.ClassLoader.loadClass(ClassLoader.java:521)
	... 29 more
    </exception>
  </warn>
</log>
<log realm="Q2.system" at="2020-10-19T12:46:29.853144300" lifespan="89ms">
  <info>
    deploy: C:\Users\user\Desktop\multiprojectModuler\config\jpos\30_txn_mgr.xml
  </info>
</log>
<log realm="Q2.system" at="2020-10-19T12:46:29.857144700" lifespan="4ms">
  <info>
    deploy: C:\Users\user\Desktop\multiprojectModuler\config\jpos\99_sysmon.xml
  </info>
</log>
<log realm="org.jpos.q2.qbean.SystemMonitor" at="2020-10-19T12:46:29.872145">
  <info>
    Starting SystemMonitor
  </info>
</log>
<log realm="org.jpos.q2.qbean.SystemMonitor" at="2020-10-19T12:46:29.873147400">
  <info>
               OS: Windows 10 (10.0)
             Java: 11.0.8 (Oracle Corporation) AES-secure
     process name: 17284@DESKTOP-4DN7F97
        user name: user
             host: DESKTOP-4DN7F97/192.168.254.87
              cwd: C:\Users\user\Desktop\multiprojectModuler
       free space: 161.9 GiB
          version: 2.1.2 (6f9379a)
         instance: 50d21ee2-dce2-4df1-a153-639fcc9aa7a8
           uptime: 00:00:01.559 (-1.000000)
       processors: 8
           drift : 0
    memory(t/u/f): 256/56/199
         encoding: UTF-8
         timezone: Africa/Nairobi (Eastern Africa Time) +03:00
    watch service: sun.nio.fs.WindowsWatchService
            clock: 1603100789 2020-10-19T09:46:29.873147400Z
     thread count: 38
     peak threads: 38
     user threads: 29
            Thread[Reference Handler,10,system]
            Thread[Finalizer,8,system]
            Thread[Signal Dispatcher,9,system]
            Thread[Attach Listener,5,system]
            Thread[RMI TCP Accept-0,5,system]
            Thread[RMI Scheduler(0),5,system]
            Thread[main,5,main]
            Thread[Monitor Ctrl-Break,5,main]
            Thread[HikariPool-1 housekeeper,5,main]
            Thread[HikariPool-1 connection adder,5,main]
            Thread[Catalina-utility-1,1,main]
            Thread[Catalina-utility-2,1,main]
            Thread[container-0,5,main]
            Thread[task-1,5,main]
            Thread[http-nio-9099-BlockPoller,5,main]
            Thread[http-nio-9099-exec-1,5,main]
            Thread[http-nio-9099-exec-2,5,main]
            Thread[http-nio-9099-exec-3,5,main]
            Thread[http-nio-9099-exec-4,5,main]
            Thread[http-nio-9099-exec-5,5,main]
            Thread[http-nio-9099-exec-6,5,main]
            Thread[http-nio-9099-exec-7,5,main]
            Thread[http-nio-9099-exec-8,5,main]
            Thread[http-nio-9099-exec-9,5,main]
            Thread[http-nio-9099-exec-10,5,main]
            Thread[http-nio-9099-ClientPoller,5,main]
            Thread[http-nio-9099-Acceptor,5,main]
            Thread[task-2,5,main]
            Thread[pool-1-thread-1,5,main]
            Thread[Q2-50d21ee2-dce2-4df1-a153-639fcc9aa7a8,5,main]
            Thread[FileSystemWatchService,5,main]
            Thread[Timer-0,5,main]
            Thread[Thread-4,5,main]
            Thread[SystemMonitor,5,main]
            Thread[ISOServer-ThreadPool.PooledThread-0,5,ISOServer-ThreadPool-0]
            Thread[Common-Cleaner,8,InnocuousThreadGroup]
            Thread[RMI TCP Connection(1)-192.168.254.87,5,RMI Runtime]
            Thread[RMI TCP Connection(2)-192.168.254.87,5,RMI Runtime]
    name-registrar:
      tspace:default: org.jpos.space.TSpace
         key-count: 0
            gcinfo: 0,0
      tspace:txnmgr: org.jpos.space.TSpace
         key-count: 0
            gcinfo: 0,0
      ISOServer: org.jpos.q2.iso.QServer
      Q2: org.jpos.q2.Q2
      server.ISOServer: org.jpos.iso.ISOServer
        connected=0, rx=0, tx=0, last=0
      logger.Q2: org.jpos.util.Logger
      transient:default: org.jpos.space.TSpace
         key-count: 0
            gcinfo: 0,0
      logger.Q2.buffered: org.jpos.util.BufferedLogListener
  </info>
</log>
<log realm="ISOServer.server" at="2020-10-19T12:46:29.889153600" lifespan="17ms">
  <iso-server>
    listening on port 9045
  </iso-server>
</log>
<log realm="ISOServer.server.session/127.0.0.1:59713" at="2020-10-19T12:47:40.535485">
  <session-start/>
</log>
<log realm="channel/127.0.0.1:59713" at="2020-10-19T12:47:40.536488100" lifespan="1ms">
  <receive>
    <iso-exception>
      org.jpos.iso.IFB_LLLCHAR: Problem unpacking field 31 (org.jpos.iso.ISOException: Field length 3031 too long. Max: 999) unpacking field=31, consumed=37
      org.jpos.iso.ISOException: org.jpos.iso.IFB_LLLCHAR: Problem unpacking field 31 (org.jpos.iso.ISOException: Field length 3031 too long. Max: 999) unpacking field=31, consumed=37
	at org.jpos.iso.ISOBasePackager.unpack(ISOBasePackager.java:340)
	at org.jpos.iso.ISOMsg.unpack(ISOMsg.java:468)
	at org.jpos.iso.BaseChannel.unpack(BaseChannel.java:976)
	at org.jpos.iso.BaseChannel.receive(BaseChannel.java:746)
	at org.jpos.iso.ISOServer$Session.run(ISOServer.java:344)
	at org.jpos.util.ThreadPool$PooledThread.run(ThreadPool.java:76)
    </iso-exception>
    --- data ---
    0000  30 38 30 30 38 32 32 30  30 30 30 30 30 30 30 30  0800822000000000
0010  30 30 30 30 30 34 30 30  30 30 30 30 30 30 30 30  0000040000000000
0020  30 30 30 30 31 30 31 39  31 32 34 37 34 30 30 36  0000101912474006
0030  37 37 34 31 30 30 31                              7741001

  </receive>
</log>
<log realm="ISOServer.server.session/127.0.0.1:59713" at="2020-10-19T12:47:40.538591500">
  <session-error>
    <iso-exception>
      org.jpos.iso.IFB_LLLCHAR: Problem unpacking field 31 (org.jpos.iso.ISOException: Field length 3031 too long. Max: 999) unpacking field=31, consumed=37
      org.jpos.iso.ISOException: org.jpos.iso.IFB_LLLCHAR: Problem unpacking field 31 (org.jpos.iso.ISOException: Field length 3031 too long. Max: 999) unpacking field=31, consumed=37
	at org.jpos.iso.ISOBasePackager.unpack(ISOBasePackager.java:340)
	at org.jpos.iso.ISOMsg.unpack(ISOMsg.java:468)
	at org.jpos.iso.BaseChannel.unpack(BaseChannel.java:976)
	at org.jpos.iso.BaseChannel.receive(BaseChannel.java:746)
	at org.jpos.iso.ISOServer$Session.run(ISOServer.java:344)
	at org.jpos.util.ThreadPool$PooledThread.run(ThreadPool.java:76)
    </iso-exception>
  </session-error>
</log>
<log realm="ISOServer.server.session/127.0.0.1:59713" at="2020-10-19T12:47:40.558489">
  <session-end/>
</log>
<?xml version="1.0" encoding="UTF-8"?>
<logger class="org.jpos.util.DailyLogListener">
<log realm="Q2.system" at="2020-10-19T12:49:17.092268500">
  <info>
    Q2 started, deployDir=C:\Users\user\Desktop\multiprojectModuler\config\jpos
  </info>
</log>
<log realm="Q2.system" at="2020-10-19T12:49:17.366267100" lifespan="268ms">
  <version>
    jPOS 2.1.2 master/6f9379a (2018-09-19 16:33:22 ART) 

-----BEGIN PGP SIGNED MESSAGE-----
Hash: SHA1

jPOS Community Edition, licensed under GNU AGPL v3.0.
This software is probably not suitable for commercial use.
Please see http://jpos.org/license for details.

-----BEGIN PGP SIGNATURE-----
Version: GnuPG v1.4.9 (Darwin)

iQEcBAEBAgAGBQJMolHDAAoJEOQyeO71nYtFv74H/3OgehDGEy1VXp2U3/GcAobg
HH2eZjPUz53r38ARPiU3pzm9LwDa3WZgJJaa/b9VrJwKvbPwe9+0kY3gScDE1skT
ladHt+KHHmGQArEutkzHlpZa73RbroFEIa1qmN6MaDEHGoxZqDh0Sv2cpvOaVYGO
St8ZaddLBPC17bSjAPWo9sWbvL7FgPFOHhnPmbeux8SLtnfWxXWsgo5hLBanKmO1
1z+I/w/6DL6ZYZU6bAJUk+eyVVImJqw0x3IEElI07Nh9MC6BA4iJ77ejobj8HI2r
q9ulRPEqH9NR79619lNKVUkE206dVlXo7xHmJS1QZy5v/GT66xBxyDVfTduPFXk=
=oP+v
-----END PGP SIGNATURE-----

  </version>
</log>
<log realm="Q2.system" at="2020-10-19T12:49:17.373268100" lifespan="4ms">
  <info>
    deploy: C:\Users\user\Desktop\multiprojectModuler\config\jpos\05_server.xml
  </info>
</log>
<log realm="org.jpos.transaction.TransactionManager" at="2020-10-19T12:49:17.388269300">
  <warn>
    init
    <exception name="com/sleepycat/je/EnvironmentConfig">
    java.lang.NoClassDefFoundError: com/sleepycat/je/EnvironmentConfig
	at org.jpos.space.JESpace.<init>(JESpace.java:75)
	at org.jpos.space.JESpace.getSpace(JESpace.java:328)
	at org.jpos.space.JESpace.getSpace(JESpace.java:334)
	at org.jpos.space.SpaceFactory.createSpace(SpaceFactory.java:143)
	at org.jpos.space.SpaceFactory.getSpace(SpaceFactory.java:117)
	at org.jpos.space.SpaceFactory.getSpace(SpaceFactory.java:105)
	at org.jpos.transaction.TransactionManager.initService(TransactionManager.java:112)
	at org.jpos.q2.QBeanSupport.init(QBeanSupport.java:119)
	at java.base/jdk.internal.reflect.NativeMethodAccessorImpl.invoke0(Native Method)
	at java.base/jdk.internal.reflect.NativeMethodAccessorImpl.invoke(NativeMethodAccessorImpl.java:62)
	at java.base/jdk.internal.reflect.DelegatingMethodAccessorImpl.invoke(DelegatingMethodAccessorImpl.java:43)
	at java.base/java.lang.reflect.Method.invoke(Method.java:566)
	at sun.reflect.misc.Trampoline.invoke(MethodUtil.java:71)
	at jdk.internal.reflect.GeneratedMethodAccessor48.invoke(Unknown Source)
	at java.base/jdk.internal.reflect.DelegatingMethodAccessorImpl.invoke(DelegatingMethodAccessorImpl.java:43)
	at java.base/java.lang.reflect.Method.invoke(Method.java:566)
	at java.base/sun.reflect.misc.MethodUtil.invoke(MethodUtil.java:260)
	at java.management/com.sun.jmx.mbeanserver.StandardMBeanIntrospector.invokeM2(StandardMBeanIntrospector.java:112)
	at java.management/com.sun.jmx.mbeanserver.StandardMBeanIntrospector.invokeM2(StandardMBeanIntrospector.java:46)
	at java.management/com.sun.jmx.mbeanserver.MBeanIntrospector.invokeM(MBeanIntrospector.java:237)
	at java.management/com.sun.jmx.mbeanserver.PerInterface.invoke(PerInterface.java:138)
	at java.management/com.sun.jmx.mbeanserver.MBeanSupport.invoke(MBeanSupport.java:252)
	at java.management/com.sun.jmx.interceptor.DefaultMBeanServerInterceptor.invoke(DefaultMBeanServerInterceptor.java:809)
	at java.management/com.sun.jmx.mbeanserver.JmxMBeanServer.invoke(JmxMBeanServer.java:801)
	at org.jpos.q2.QFactory.createQBean(QFactory.java:121)
	at org.jpos.q2.Q2.deploy(Q2.java:581)
	at org.jpos.q2.Q2.deploy(Q2.java:391)
	at org.jpos.q2.Q2.run(Q2.java:259)
	at java.base/java.lang.Thread.run(Thread.java:834)
Caused by: java.lang.ClassNotFoundException: com.sleepycat.je.EnvironmentConfig
	at java.base/jdk.internal.loader.BuiltinClassLoader.loadClass(BuiltinClassLoader.java:581)
	at java.base/jdk.internal.loader.ClassLoaders$AppClassLoader.loadClass(ClassLoaders.java:178)
	at java.base/java.lang.ClassLoader.loadClass(ClassLoader.java:521)
	... 29 more
    </exception>
  </warn>
</log>
<log realm="Q2.system" at="2020-10-19T12:49:17.391267600" lifespan="16ms">
  <info>
    deploy: C:\Users\user\Desktop\multiprojectModuler\config\jpos\30_txn_mgr.xml
  </info>
</log>
<log realm="Q2.system" at="2020-10-19T12:49:17.396270" lifespan="5ms">
  <info>
    deploy: C:\Users\user\Desktop\multiprojectModuler\config\jpos\99_sysmon.xml
  </info>
</log>
<log realm="org.jpos.q2.qbean.SystemMonitor" at="2020-10-19T12:49:17.409267900">
  <info>
    Starting SystemMonitor
  </info>
</log>
<log realm="ISOServer.server" at="2020-10-19T12:49:17.410268800" lifespan="1ms">
  <iso-server>
    listening on port 9045
  </iso-server>
</log>
<log realm="org.jpos.q2.qbean.SystemMonitor" at="2020-10-19T12:49:17.410268800">
  <info>
               OS: Windows 10 (10.0)
             Java: 11.0.8 (Oracle Corporation) AES-secure
     process name: 18404@DESKTOP-4DN7F97
        user name: user
             host: DESKTOP-4DN7F97/192.168.254.87
              cwd: C:\Users\user\Desktop\multiprojectModuler
       free space: 161.9 GiB
          version: 2.1.2 (6f9379a)
         instance: 7fbe4458-e836-4e13-9558-d9633c0c2f1d
           uptime: 00:00:00.375 (-1.000000)
       processors: 8
           drift : 0
    memory(t/u/f): 256/55/200
         encoding: UTF-8
         timezone: Africa/Nairobi (Eastern Africa Time) +03:00
    watch service: sun.nio.fs.WindowsWatchService
            clock: 1603100957 2020-10-19T09:49:17.410268800Z
     thread count: 37
     peak threads: 37
     user threads: 29
            Thread[Reference Handler,10,system]
            Thread[Finalizer,8,system]
            Thread[Signal Dispatcher,9,system]
            Thread[Attach Listener,5,system]
            Thread[RMI TCP Accept-0,5,system]
            Thread[RMI Scheduler(0),5,system]
            Thread[main,5,main]
            Thread[Monitor Ctrl-Break,5,main]
            Thread[HikariPool-1 housekeeper,5,main]
            Thread[Catalina-utility-1,1,main]
            Thread[Catalina-utility-2,1,main]
            Thread[container-0,5,main]
            Thread[HikariPool-1 connection adder,5,main]
            Thread[task-1,5,main]
            Thread[http-nio-9099-BlockPoller,5,main]
            Thread[http-nio-9099-exec-1,5,main]
            Thread[http-nio-9099-exec-2,5,main]
            Thread[http-nio-9099-exec-3,5,main]
            Thread[http-nio-9099-exec-4,5,main]
            Thread[http-nio-9099-exec-5,5,main]
            Thread[http-nio-9099-exec-6,5,main]
            Thread[http-nio-9099-exec-7,5,main]
            Thread[http-nio-9099-exec-8,5,main]
            Thread[http-nio-9099-exec-9,5,main]
            Thread[http-nio-9099-exec-10,5,main]
            Thread[http-nio-9099-ClientPoller,5,main]
            Thread[http-nio-9099-Acceptor,5,main]
            Thread[task-2,5,main]
            Thread[pool-1-thread-1,5,main]
            Thread[Q2-7fbe4458-e836-4e13-9558-d9633c0c2f1d,5,main]
            Thread[FileSystemWatchService,5,main]
            Thread[Timer-0,5,main]
            Thread[Thread-4,5,main]
            Thread[SystemMonitor,5,main]
            Thread[ISOServer-ThreadPool.PooledThread-0,5,ISOServer-ThreadPool-0]
            Thread[Common-Cleaner,8,InnocuousThreadGroup]
            Thread[RMI TCP Connection(1)-192.168.254.87,5,RMI Runtime]
    name-registrar:
      tspace:default: org.jpos.space.TSpace
         key-count: 0
            gcinfo: 0,0
      tspace:txnmgr: org.jpos.space.TSpace
         key-count: 0
            gcinfo: 0,0
      ISOServer: org.jpos.q2.iso.QServer
      Q2: org.jpos.q2.Q2
      server.ISOServer: org.jpos.iso.ISOServer
        connected=0, rx=0, tx=0, last=0
      logger.Q2: org.jpos.util.Logger
      transient:default: org.jpos.space.TSpace
         key-count: 0
            gcinfo: 0,0
      logger.Q2.buffered: org.jpos.util.BufferedLogListener
  </info>
</log>
<log realm="ISOServer.server.session/127.0.0.1:60242" at="2020-10-19T12:52:14.304004200">
  <session-start/>
</log>
<log realm="channel/127.0.0.1:60242" at="2020-10-19T12:52:14.505003600" lifespan="200ms">
  <receive>
    <iso-exception>
      org.jpos.iso.IFB_LLLCHAR: Problem unpacking field 36 (org.jpos.iso.ISOException: Field length 3236 too long. Max: 104) unpacking field=36, consumed=51
      org.jpos.iso.ISOException: org.jpos.iso.IFB_LLLCHAR: Problem unpacking field 36 (org.jpos.iso.ISOException: Field length 3236 too long. Max: 104) unpacking field=36, consumed=51
	at org.jpos.iso.ISOBasePackager.unpack(ISOBasePackager.java:340)
	at org.jpos.iso.ISOMsg.unpack(ISOMsg.java:468)
	at org.jpos.iso.BaseChannel.unpack(BaseChannel.java:976)
	at org.jpos.iso.BaseChannel.receive(BaseChannel.java:746)
	at org.jpos.iso.ISOServer$Session.run(ISOServer.java:344)
	at org.jpos.util.ThreadPool$PooledThread.run(ThreadPool.java:76)
    </iso-exception>
    --- header ---
    0000  30 32 30 30 36                                    02006

    --- data ---
    0000  30 30 30 30 30 30 30 30  30 43 30 30 30 30 30 31  000000000C000001
0010  36 36 32 37 33 34 38 39  39 39 39 39 39 39 39 39  6627348999999999
0020  39 33 31 30 30 30 30 50  4F 53 31 32 33 34 35 31  9310000POS123451
0030  30 33 34 32 36 37 35 39  38 35 32 30 32 35        03426759852025

  </receive>
</log>
<log realm="ISOServer.server.session/127.0.0.1:60242" at="2020-10-19T12:52:14.507004100">
  <session-error>
    <iso-exception>
      org.jpos.iso.IFB_LLLCHAR: Problem unpacking field 36 (org.jpos.iso.ISOException: Field length 3236 too long. Max: 104) unpacking field=36, consumed=51
      org.jpos.iso.ISOException: org.jpos.iso.IFB_LLLCHAR: Problem unpacking field 36 (org.jpos.iso.ISOException: Field length 3236 too long. Max: 104) unpacking field=36, consumed=51
	at org.jpos.iso.ISOBasePackager.unpack(ISOBasePackager.java:340)
	at org.jpos.iso.ISOMsg.unpack(ISOMsg.java:468)
	at org.jpos.iso.BaseChannel.unpack(BaseChannel.java:976)
	at org.jpos.iso.BaseChannel.receive(BaseChannel.java:746)
	at org.jpos.iso.ISOServer$Session.run(ISOServer.java:344)
	at org.jpos.util.ThreadPool$PooledThread.run(ThreadPool.java:76)
    </iso-exception>
  </session-error>
</log>
<log realm="ISOServer.server.session/127.0.0.1:60242" at="2020-10-19T12:52:14.509009400">
  <session-end/>
</log>
<log realm="Q2.system" at="2020-10-19T12:52:41.991954500" lifespan="1ms">
  <info>
    created jpos/05_server.xml~
    modified jpos/05_server.xml~
  </info>
</log>
<log realm="Q2.system" at="2020-10-19T12:52:41.997955700">
  <trace>
    undeploying:C:\Users\user\Desktop\multiprojectModuler\config\jpos\05_server.xml
  </trace>
</log>
<log realm="Q2.system" at="2020-10-19T12:52:41.998954800">
  <info>
    undeployed:C:\Users\user\Desktop\multiprojectModuler\config\jpos\05_server.xml
  </info>
</log>
<log realm="ISOServer.pool" at="2020-10-19T12:52:41.999966600">
  <queue-closed/>
</log>
<log realm="Q2.system" at="2020-10-19T12:52:41.999966600">
  <info>
    modified jpos/05_server.xml
    removed jpos/05_server.xml~
  </info>
</log>
<log realm="Q2.system" at="2020-10-19T12:52:42.003955200" lifespan="2ms">
  <info>
    deploy: C:\Users\user\Desktop\multiprojectModuler\config\jpos\05_server.xml
  </info>
</log>
<log realm="ISOServer.server" at="2020-10-19T12:52:42.005955900">
  <iso-server>
    listening on port 9045
  </iso-server>
</log>
<?xml version="1.0" encoding="UTF-8"?>
<logger class="org.jpos.util.DailyLogListener">
<log realm="Q2.system" at="2020-10-19T12:52:51.812954600">
  <info>
    Q2 started, deployDir=C:\Users\user\Desktop\multiprojectModuler\config\jpos
  </info>
</log>
<log realm="Q2.system" at="2020-10-19T12:52:52.043990900" lifespan="226ms">
  <version>
    jPOS 2.1.2 master/6f9379a (2018-09-19 16:33:22 ART) 

-----BEGIN PGP SIGNED MESSAGE-----
Hash: SHA1

jPOS Community Edition, licensed under GNU AGPL v3.0.
This software is probably not suitable for commercial use.
Please see http://jpos.org/license for details.

-----BEGIN PGP SIGNATURE-----
Version: GnuPG v1.4.9 (Darwin)

iQEcBAEBAgAGBQJMolHDAAoJEOQyeO71nYtFv74H/3OgehDGEy1VXp2U3/GcAobg
HH2eZjPUz53r38ARPiU3pzm9LwDa3WZgJJaa/b9VrJwKvbPwe9+0kY3gScDE1skT
ladHt+KHHmGQArEutkzHlpZa73RbroFEIa1qmN6MaDEHGoxZqDh0Sv2cpvOaVYGO
St8ZaddLBPC17bSjAPWo9sWbvL7FgPFOHhnPmbeux8SLtnfWxXWsgo5hLBanKmO1
1z+I/w/6DL6ZYZU6bAJUk+eyVVImJqw0x3IEElI07Nh9MC6BA4iJ77ejobj8HI2r
q9ulRPEqH9NR79619lNKVUkE206dVlXo7xHmJS1QZy5v/GT66xBxyDVfTduPFXk=
=oP+v
-----END PGP SIGNATURE-----

  </version>
</log>
<log realm="Q2.system" at="2020-10-19T12:52:52.049986900" lifespan="4ms">
  <info>
    deploy: C:\Users\user\Desktop\multiprojectModuler\config\jpos\05_server.xml
  </info>
</log>
<log realm="org.jpos.transaction.TransactionManager" at="2020-10-19T12:52:52.060991600">
  <warn>
    init
    <exception name="com/sleepycat/je/EnvironmentConfig">
    java.lang.NoClassDefFoundError: com/sleepycat/je/EnvironmentConfig
	at org.jpos.space.JESpace.<init>(JESpace.java:75)
	at org.jpos.space.JESpace.getSpace(JESpace.java:328)
	at org.jpos.space.JESpace.getSpace(JESpace.java:334)
	at org.jpos.space.SpaceFactory.createSpace(SpaceFactory.java:143)
	at org.jpos.space.SpaceFactory.getSpace(SpaceFactory.java:117)
	at org.jpos.space.SpaceFactory.getSpace(SpaceFactory.java:105)
	at org.jpos.transaction.TransactionManager.initService(TransactionManager.java:112)
	at org.jpos.q2.QBeanSupport.init(QBeanSupport.java:119)
	at java.base/jdk.internal.reflect.NativeMethodAccessorImpl.invoke0(Native Method)
	at java.base/jdk.internal.reflect.NativeMethodAccessorImpl.invoke(NativeMethodAccessorImpl.java:62)
	at java.base/jdk.internal.reflect.DelegatingMethodAccessorImpl.invoke(DelegatingMethodAccessorImpl.java:43)
	at java.base/java.lang.reflect.Method.invoke(Method.java:566)
	at sun.reflect.misc.Trampoline.invoke(MethodUtil.java:71)
	at jdk.internal.reflect.GeneratedMethodAccessor48.invoke(Unknown Source)
	at java.base/jdk.internal.reflect.DelegatingMethodAccessorImpl.invoke(DelegatingMethodAccessorImpl.java:43)
	at java.base/java.lang.reflect.Method.invoke(Method.java:566)
	at java.base/sun.reflect.misc.MethodUtil.invoke(MethodUtil.java:260)
	at java.management/com.sun.jmx.mbeanserver.StandardMBeanIntrospector.invokeM2(StandardMBeanIntrospector.java:112)
	at java.management/com.sun.jmx.mbeanserver.StandardMBeanIntrospector.invokeM2(StandardMBeanIntrospector.java:46)
	at java.management/com.sun.jmx.mbeanserver.MBeanIntrospector.invokeM(MBeanIntrospector.java:237)
	at java.management/com.sun.jmx.mbeanserver.PerInterface.invoke(PerInterface.java:138)
	at java.management/com.sun.jmx.mbeanserver.MBeanSupport.invoke(MBeanSupport.java:252)
	at java.management/com.sun.jmx.interceptor.DefaultMBeanServerInterceptor.invoke(DefaultMBeanServerInterceptor.java:809)
	at java.management/com.sun.jmx.mbeanserver.JmxMBeanServer.invoke(JmxMBeanServer.java:801)
	at org.jpos.q2.QFactory.createQBean(QFactory.java:121)
	at org.jpos.q2.Q2.deploy(Q2.java:581)
	at org.jpos.q2.Q2.deploy(Q2.java:391)
	at org.jpos.q2.Q2.run(Q2.java:259)
	at java.base/java.lang.Thread.run(Thread.java:834)
Caused by: java.lang.ClassNotFoundException: com.sleepycat.je.EnvironmentConfig
	at java.base/jdk.internal.loader.BuiltinClassLoader.loadClass(BuiltinClassLoader.java:581)
	at java.base/jdk.internal.loader.ClassLoaders$AppClassLoader.loadClass(ClassLoaders.java:178)
	at java.base/java.lang.ClassLoader.loadClass(ClassLoader.java:521)
	... 29 more
    </exception>
  </warn>
</log>
<log realm="Q2.system" at="2020-10-19T12:52:52.061953300" lifespan="11ms">
  <info>
    deploy: C:\Users\user\Desktop\multiprojectModuler\config\jpos\30_txn_mgr.xml
  </info>
</log>
<log realm="Q2.system" at="2020-10-19T12:52:52.064994900" lifespan="3ms">
  <info>
    deploy: C:\Users\user\Desktop\multiprojectModuler\config\jpos\99_sysmon.xml
  </info>
</log>
<log realm="org.jpos.q2.qbean.SystemMonitor" at="2020-10-19T12:52:52.075971500">
  <info>
    Starting SystemMonitor
  </info>
</log>
<log realm="ISOServer.server" at="2020-10-19T12:52:52.076955500">
  <iso-server>
    listening on port 9045
  </iso-server>
</log>
<log realm="org.jpos.q2.qbean.SystemMonitor" at="2020-10-19T12:52:52.076955500">
  <info>
               OS: Windows 10 (10.0)
             Java: 11.0.8 (Oracle Corporation) AES-secure
     process name: 16776@DESKTOP-4DN7F97
        user name: user
             host: DESKTOP-4DN7F97/192.168.254.87
              cwd: C:\Users\user\Desktop\multiprojectModuler
       free space: 161.9 GiB
          version: 2.1.2 (6f9379a)
         instance: 5d7db646-cab9-4e44-902e-232c979bedd4
           uptime: 00:00:00.314 (-1.000000)
       processors: 8
           drift : 0
    memory(t/u/f): 256/56/199
         encoding: UTF-8
         timezone: Africa/Nairobi (Eastern Africa Time) +03:00
    watch service: sun.nio.fs.WindowsWatchService
            clock: 1603101172 2020-10-19T09:52:52.077953300Z
     thread count: 37
     peak threads: 37
     user threads: 29
            Thread[Reference Handler,10,system]
            Thread[Finalizer,8,system]
            Thread[Signal Dispatcher,9,system]
            Thread[Attach Listener,5,system]
            Thread[RMI TCP Accept-0,5,system]
            Thread[RMI Scheduler(0),5,system]
            Thread[main,5,main]
            Thread[Monitor Ctrl-Break,5,main]
            Thread[HikariPool-1 housekeeper,5,main]
            Thread[Catalina-utility-1,1,main]
            Thread[Catalina-utility-2,1,main]
            Thread[container-0,5,main]
            Thread[HikariPool-1 connection adder,5,main]
            Thread[task-1,5,main]
            Thread[http-nio-9099-BlockPoller,5,main]
            Thread[http-nio-9099-exec-1,5,main]
            Thread[http-nio-9099-exec-2,5,main]
            Thread[http-nio-9099-exec-3,5,main]
            Thread[http-nio-9099-exec-4,5,main]
            Thread[http-nio-9099-exec-5,5,main]
            Thread[http-nio-9099-exec-6,5,main]
            Thread[http-nio-9099-exec-7,5,main]
            Thread[http-nio-9099-exec-8,5,main]
            Thread[http-nio-9099-exec-9,5,main]
            Thread[http-nio-9099-exec-10,5,main]
            Thread[http-nio-9099-ClientPoller,5,main]
            Thread[http-nio-9099-Acceptor,5,main]
            Thread[task-2,5,main]
            Thread[pool-1-thread-1,5,main]
            Thread[Q2-5d7db646-cab9-4e44-902e-232c979bedd4,5,main]
            Thread[FileSystemWatchService,5,main]
            Thread[Timer-0,5,main]
            Thread[Thread-4,5,main]
            Thread[SystemMonitor,5,main]
            Thread[ISOServer-ThreadPool.PooledThread-0,5,ISOServer-ThreadPool-0]
            Thread[Common-Cleaner,8,InnocuousThreadGroup]
            Thread[RMI TCP Connection(1)-192.168.254.87,5,RMI Runtime]
    name-registrar:
      tspace:default: org.jpos.space.TSpace
         key-count: 0
            gcinfo: 0,0
      tspace:txnmgr: org.jpos.space.TSpace
         key-count: 0
            gcinfo: 0,0
      ISOServer: org.jpos.q2.iso.QServer
      Q2: org.jpos.q2.Q2
      server.ISOServer: org.jpos.iso.ISOServer
        connected=0, rx=0, tx=0, last=0
      logger.Q2: org.jpos.util.Logger
      transient:default: org.jpos.space.TSpace
         key-count: 0
            gcinfo: 0,0
      logger.Q2.buffered: org.jpos.util.BufferedLogListener
  </info>
</log>
<log realm="ISOServer.server.session/127.0.0.1:60447" at="2020-10-19T12:53:57.082585">
  <session-start/>
</log>
<log realm="channel/127.0.0.1:60447" at="2020-10-19T12:53:57.282583900" lifespan="198ms">
  <receive>
    <iso-exception>
      org.jpos.iso.IFB_LLLCHAR: Problem unpacking field 36 (org.jpos.iso.ISOException: Field length 3236 too long. Max: 104) unpacking field=36, consumed=56
      org.jpos.iso.ISOException: org.jpos.iso.IFB_LLLCHAR: Problem unpacking field 36 (org.jpos.iso.ISOException: Field length 3236 too long. Max: 104) unpacking field=36, consumed=56
	at org.jpos.iso.ISOBasePackager.unpack(ISOBasePackager.java:340)
	at org.jpos.iso.ISOMsg.unpack(ISOMsg.java:468)
	at org.jpos.iso.BaseChannel.unpack(BaseChannel.java:976)
	at org.jpos.iso.BaseChannel.receive(BaseChannel.java:746)
	at org.jpos.iso.ISOServer$Session.run(ISOServer.java:344)
	at org.jpos.util.ThreadPool$PooledThread.run(ThreadPool.java:76)
    </iso-exception>
    --- data ---
    0000  30 32 30 30 36 30 30 30  30 30 30 30 30 30 43 30  02006000000000C0
0010  30 30 30 30 31 36 36 32  37 33 34 38 39 39 39 39  0000166273489999
0020  39 39 39 39 39 39 33 31  30 30 30 30 50 4F 53 31  999999310000POS1
0030  32 33 34 35 31 30 33 34  32 36 37 35 39 38 35 32  2345103426759852
0040  30 32 35                                          025

  </receive>
</log>
<log realm="ISOServer.server.session/127.0.0.1:60447" at="2020-10-19T12:53:57.283584200">
  <session-error>
    <iso-exception>
      org.jpos.iso.IFB_LLLCHAR: Problem unpacking field 36 (org.jpos.iso.ISOException: Field length 3236 too long. Max: 104) unpacking field=36, consumed=56
      org.jpos.iso.ISOException: org.jpos.iso.IFB_LLLCHAR: Problem unpacking field 36 (org.jpos.iso.ISOException: Field length 3236 too long. Max: 104) unpacking field=36, consumed=56
	at org.jpos.iso.ISOBasePackager.unpack(ISOBasePackager.java:340)
	at org.jpos.iso.ISOMsg.unpack(ISOMsg.java:468)
	at org.jpos.iso.BaseChannel.unpack(BaseChannel.java:976)
	at org.jpos.iso.BaseChannel.receive(BaseChannel.java:746)
	at org.jpos.iso.ISOServer$Session.run(ISOServer.java:344)
	at org.jpos.util.ThreadPool$PooledThread.run(ThreadPool.java:76)
    </iso-exception>
  </session-error>
</log>
<log realm="ISOServer.server.session/127.0.0.1:60447" at="2020-10-19T12:53:57.284585700">
  <session-end/>
</log>
<log realm="ISOServer.server.session/127.0.0.1:60773" at="2020-10-19T12:56:55.063036100">
  <session-start/>
</log>
<log realm="channel/127.0.0.1:60773" at="2020-10-19T12:56:55.262061200" lifespan="199ms">
  <receive>
    <iso-exception>
      org.jpos.iso.IFB_LLLCHAR: Problem unpacking field 36 (org.jpos.iso.ISOException: Field length 3236 too long. Max: 104) unpacking field=36, consumed=56
      org.jpos.iso.ISOException: org.jpos.iso.IFB_LLLCHAR: Problem unpacking field 36 (org.jpos.iso.ISOException: Field length 3236 too long. Max: 104) unpacking field=36, consumed=56
	at org.jpos.iso.ISOBasePackager.unpack(ISOBasePackager.java:340)
	at org.jpos.iso.ISOMsg.unpack(ISOMsg.java:468)
	at org.jpos.iso.BaseChannel.unpack(BaseChannel.java:976)
	at org.jpos.iso.BaseChannel.receive(BaseChannel.java:746)
	at org.jpos.iso.ISOServer$Session.run(ISOServer.java:344)
	at org.jpos.util.ThreadPool$PooledThread.run(ThreadPool.java:76)
    </iso-exception>
    --- data ---
    0000  30 32 30 30 36 30 30 30  30 30 30 30 30 30 43 30  02006000000000C0
0010  30 30 30 30 31 36 36 32  37 33 34 38 39 39 39 39  0000166273489999
0020  39 39 39 39 39 39 33 31  30 30 30 30 50 4F 53 31  999999310000POS1
0030  32 33 34 35 31 30 33 34  32 36 37 35 39 38 35 32  2345103426759852
0040  30 32 35                                          025

  </receive>
</log>
<log realm="ISOServer.server.session/127.0.0.1:60773" at="2020-10-19T12:56:55.263036600">
  <session-error>
    <iso-exception>
      org.jpos.iso.IFB_LLLCHAR: Problem unpacking field 36 (org.jpos.iso.ISOException: Field length 3236 too long. Max: 104) unpacking field=36, consumed=56
      org.jpos.iso.ISOException: org.jpos.iso.IFB_LLLCHAR: Problem unpacking field 36 (org.jpos.iso.ISOException: Field length 3236 too long. Max: 104) unpacking field=36, consumed=56
	at org.jpos.iso.ISOBasePackager.unpack(ISOBasePackager.java:340)
	at org.jpos.iso.ISOMsg.unpack(ISOMsg.java:468)
	at org.jpos.iso.BaseChannel.unpack(BaseChannel.java:976)
	at org.jpos.iso.BaseChannel.receive(BaseChannel.java:746)
	at org.jpos.iso.ISOServer$Session.run(ISOServer.java:344)
	at org.jpos.util.ThreadPool$PooledThread.run(ThreadPool.java:76)
    </iso-exception>
  </session-error>
</log>
<log realm="ISOServer.server.session/127.0.0.1:60773" at="2020-10-19T12:56:55.266034200">
  <session-end/>
</log>
<log realm="ISOServer.server.session/127.0.0.1:61582" at="2020-10-19T13:04:20.923653100">
  <session-start/>
</log>
<log realm="channel/127.0.0.1:61582" at="2020-10-19T13:04:21.123685800" lifespan="200ms">
  <receive>
    <iso-exception>
      org.jpos.iso.IFB_LLLCHAR: Problem unpacking field 31 (org.jpos.iso.ISOException: Field length 3031 too long. Max: 999) unpacking field=31, consumed=37
      org.jpos.iso.ISOException: org.jpos.iso.IFB_LLLCHAR: Problem unpacking field 31 (org.jpos.iso.ISOException: Field length 3031 too long. Max: 999) unpacking field=31, consumed=37
	at org.jpos.iso.ISOBasePackager.unpack(ISOBasePackager.java:340)
	at org.jpos.iso.ISOMsg.unpack(ISOMsg.java:468)
	at org.jpos.iso.BaseChannel.unpack(BaseChannel.java:976)
	at org.jpos.iso.BaseChannel.receive(BaseChannel.java:746)
	at org.jpos.iso.ISOServer$Session.run(ISOServer.java:344)
	at org.jpos.util.ThreadPool$PooledThread.run(ThreadPool.java:76)
    </iso-exception>
    --- data ---
    0000  30 38 30 30 38 32 32 30  30 30 30 30 30 30 30 30  0800822000000000
0010  30 30 30 30 30 34 30 30  30 30 30 30 30 30 30 30  0000040000000000
0020  30 30 30 30 31 30 31 39  30 31 30 34 32 30 30 36  0000101901042006
0030  37 37 34 32 30 30 31                              7742001

  </receive>
</log>
<log realm="ISOServer.server.session/127.0.0.1:61582" at="2020-10-19T13:04:21.124652400">
  <session-error>
    <iso-exception>
      org.jpos.iso.IFB_LLLCHAR: Problem unpacking field 31 (org.jpos.iso.ISOException: Field length 3031 too long. Max: 999) unpacking field=31, consumed=37
      org.jpos.iso.ISOException: org.jpos.iso.IFB_LLLCHAR: Problem unpacking field 31 (org.jpos.iso.ISOException: Field length 3031 too long. Max: 999) unpacking field=31, consumed=37
	at org.jpos.iso.ISOBasePackager.unpack(ISOBasePackager.java:340)
	at org.jpos.iso.ISOMsg.unpack(ISOMsg.java:468)
	at org.jpos.iso.BaseChannel.unpack(BaseChannel.java:976)
	at org.jpos.iso.BaseChannel.receive(BaseChannel.java:746)
	at org.jpos.iso.ISOServer$Session.run(ISOServer.java:344)
	at org.jpos.util.ThreadPool$PooledThread.run(ThreadPool.java:76)
    </iso-exception>
  </session-error>
</log>
<log realm="ISOServer.server.session/127.0.0.1:61582" at="2020-10-19T13:04:21.125660300">
  <session-end/>
</log>
<log realm="ISOServer.server.session/127.0.0.1:62289" at="2020-10-19T13:10:36.431425200">
  <session-start/>
</log>
<log realm="channel/127.0.0.1:62289" at="2020-10-19T13:10:36.433427300">
  <receive>
    <isomsg direction="incoming">
      <!-- com.nelson.rokel.packager.TransportPackager -->
      <field id="0" value="0800"/>
      <field id="7" value="1019011036"/>
      <field id="11" value="067743"/>
      <field id="70" value="001"/>
    </isomsg>
  </receive>
</log>
<log realm="channel/127.0.0.1:62289" at="2020-10-19T13:10:36.434424">
  <send>
    <isomsg direction="outgoing">
      <!-- com.nelson.rokel.packager.TransportPackager -->
      <field id="0" value="0810"/>
      <field id="7" value="1019011036"/>
      <field id="11" value="067743"/>
      <field id="39" value="00"/>
      <field id="70" value="001"/>
    </isomsg>
  </send>
</log>
<log realm="channel/127.0.0.1:62289" at="2020-10-19T13:11:39.437439800" lifespan="63003ms">
  <receive>
    <isomsg direction="incoming">
      <!-- com.nelson.rokel.packager.TransportPackager -->
      <field id="0" value="0200"/>
      <field id="2" value="6273489999999999"/>
      <field id="3" value="310000"/>
      <field id="41" value="POS12345"/>
      <field id="42" value="103426759852025"/>
    </isomsg>
  </receive>
</log>
<log realm="channel/127.0.0.1:62289" at="2020-10-19T13:11:39.439442600">
  <send>
    <isomsg direction="outgoing">
      <!-- com.nelson.rokel.packager.TransportPackager -->
      <field id="0" value="0210"/>
      <field id="2" value="6273489999999999"/>
      <field id="3" value="310000"/>
      <field id="4" value="000006131700"/>
      <field id="37" value="760684805572"/>
      <field id="39" value="00"/>
      <field id="41" value="POS12345"/>
      <field id="42" value="103426759852025"/>
      <field id="54" value="0101404C000006131700"/>
      <field id="72" value="Balance Inquiry to Flex"/>
    </isomsg>
  </send>
</log>
<log realm="channel/127.0.0.1:62289" at="2020-10-19T13:16:39.441214600" lifespan="300000ms">
  <receive>
    <io-timeout/>
  </receive>
</log>
<log realm="ISOServer.server.session/127.0.0.1:62289" at="2020-10-19T13:16:39.442187900">
  <session-end/>
</log>
<log realm="Q2.system" at="2020-10-19T13:52:54.079333600" lifespan="13ms">
  <version>
    jPOS 2.1.2 master/6f9379a (2018-09-19 16:33:22 ART) 

-----BEGIN PGP SIGNED MESSAGE-----
Hash: SHA1

jPOS Community Edition, licensed under GNU AGPL v3.0.
This software is probably not suitable for commercial use.
Please see http://jpos.org/license for details.

-----BEGIN PGP SIGNATURE-----
Version: GnuPG v1.4.9 (Darwin)

iQEcBAEBAgAGBQJMolHDAAoJEOQyeO71nYtFv74H/3OgehDGEy1VXp2U3/GcAobg
HH2eZjPUz53r38ARPiU3pzm9LwDa3WZgJJaa/b9VrJwKvbPwe9+0kY3gScDE1skT
ladHt+KHHmGQArEutkzHlpZa73RbroFEIa1qmN6MaDEHGoxZqDh0Sv2cpvOaVYGO
St8ZaddLBPC17bSjAPWo9sWbvL7FgPFOHhnPmbeux8SLtnfWxXWsgo5hLBanKmO1
1z+I/w/6DL6ZYZU6bAJUk+eyVVImJqw0x3IEElI07Nh9MC6BA4iJ77ejobj8HI2r
q9ulRPEqH9NR79619lNKVUkE206dVlXo7xHmJS1QZy5v/GT66xBxyDVfTduPFXk=
=oP+v
-----END PGP SIGNATURE-----

  </version>
</log>
<log realm="ISOServer.server.session/127.0.0.1:56357" at="2020-10-19T14:21:41.193087200">
  <session-start/>
</log>
<log realm="channel/127.0.0.1:56357" at="2020-10-19T14:21:41.193921400">
  <receive>
    <isomsg direction="incoming">
      <!-- com.nelson.rokel.packager.TransportPackager -->
      <field id="0" value="0800"/>
      <field id="7" value="1019022141"/>
      <field id="11" value="067748"/>
      <field id="70" value="001"/>
    </isomsg>
  </receive>
</log>
<log realm="channel/127.0.0.1:56357" at="2020-10-19T14:21:41.193921400">
  <send>
    <isomsg direction="outgoing">
      <!-- com.nelson.rokel.packager.TransportPackager -->
      <field id="0" value="0810"/>
      <field id="7" value="1019022141"/>
      <field id="11" value="067748"/>
      <field id="39" value="00"/>
      <field id="70" value="001"/>
    </isomsg>
  </send>
</log>
<log realm="channel/127.0.0.1:56357" at="2020-10-19T14:26:22.523481" lifespan="281328ms">
  <receive>
    <isomsg direction="incoming">
      <!-- com.nelson.rokel.packager.TransportPackager -->
      <field id="0" value="0200"/>
      <field id="2" value="6273489999999999"/>
      <field id="3" value="310000"/>
      <field id="41" value="POS12345"/>
      <field id="42" value="103426759852025"/>
    </isomsg>
  </receive>
</log>
<log realm="channel/127.0.0.1:56357" at="2020-10-19T14:26:22.524481">
  <send>
    <isomsg direction="outgoing">
      <!-- com.nelson.rokel.packager.TransportPackager -->
      <field id="0" value="0210"/>
      <field id="2" value="6273489999999999"/>
      <field id="3" value="310000"/>
      <field id="4" value="00000478500"/>
      <field id="37" value="774541325171"/>
      <field id="39" value="00"/>
      <field id="41" value="POS12345"/>
      <field id="42" value="103426759852025"/>
      <field id="54" value="0101404C00000478500"/>
      <field id="72" value="Balance Inquiry to Flex"/>
    </isomsg>
  </send>
</log>
<log realm="channel/127.0.0.1:56357" at="2020-10-19T14:31:22.525484200" lifespan="300001ms">
  <receive>
    <io-timeout/>
  </receive>
</log>
<log realm="ISOServer.server.session/127.0.0.1:56357" at="2020-10-19T14:31:22.525484200">
  <session-end/>
</log>
<log realm="Q2.system" at="2020-10-19T14:52:56.656689400" lifespan="94ms">
  <version>
    jPOS 2.1.2 master/6f9379a (2018-09-19 16:33:22 ART) 

-----BEGIN PGP SIGNED MESSAGE-----
Hash: SHA1

jPOS Community Edition, licensed under GNU AGPL v3.0.
This software is probably not suitable for commercial use.
Please see http://jpos.org/license for details.

-----BEGIN PGP SIGNATURE-----
Version: GnuPG v1.4.9 (Darwin)

iQEcBAEBAgAGBQJMolHDAAoJEOQyeO71nYtFv74H/3OgehDGEy1VXp2U3/GcAobg
HH2eZjPUz53r38ARPiU3pzm9LwDa3WZgJJaa/b9VrJwKvbPwe9+0kY3gScDE1skT
ladHt+KHHmGQArEutkzHlpZa73RbroFEIa1qmN6MaDEHGoxZqDh0Sv2cpvOaVYGO
St8ZaddLBPC17bSjAPWo9sWbvL7FgPFOHhnPmbeux8SLtnfWxXWsgo5hLBanKmO1
1z+I/w/6DL6ZYZU6bAJUk+eyVVImJqw0x3IEElI07Nh9MC6BA4iJ77ejobj8HI2r
q9ulRPEqH9NR79619lNKVUkE206dVlXo7xHmJS1QZy5v/GT66xBxyDVfTduPFXk=
=oP+v
-----END PGP SIGNATURE-----

  </version>
</log>
